#
# A fatal error has been detected by the Java Runtime Environment:
#
#  EXCEPTION_ACCESS_VIOLATION (0xc0000005) at pc=0x00007ffc8f5e45dc, pid=11052, tid=6184
#
# JRE version: OpenJDK Runtime Environment (11.0.10) (build 11.0.10+0-b96-7249189)
# Java VM: OpenJDK 64-Bit Server VM (11.0.10+0-b96-7249189, mixed mode, tiered, compressed oops, g1 gc, windows-amd64)
# Problematic frame:
# V  [jvm.dll+0x2045dc]
#
# No core dump will be written. Minidumps are not enabled by default on client versions of Windows
#
# If you would like to submit a bug report, please visit:
#   https://bugreport.java.com/bugreport/crash.jsp
#

---------------  S U M M A R Y ------------

Command Line: --add-opens=java.base/java.util=ALL-UNNAMED --add-opens=java.base/java.lang=ALL-UNNAMED --add-opens=java.base/java.lang.invoke=ALL-UNNAMED --add-opens=java.base/java.util=ALL-UNNAMED --add-opens=java.prefs/java.util.prefs=ALL-UNNAMED --add-opens=java.prefs/java.util.prefs=ALL-UNNAMED --add-opens=java.base/java.nio.charset=ALL-UNNAMED --add-opens=java.base/java.net=ALL-UNNAMED --add-opens=java.base/java.util.concurrent.atomic=ALL-UNNAMED -Xmx2048m -Dfile.encoding=UTF-8 -Duser.country=US -Duser.language=en -Duser.variant org.gradle.launcher.daemon.bootstrap.GradleDaemon 7.0.2

Host: Intel(R) Core(TM) i3-6100 CPU @ 3.70GHz, 4 cores, 7G,  Windows 10 , 64 bit Build 18362 (10.0.18362.1916)
Time: Wed Dec 22 13:10:04 2021 Bangladesh Standard Time elapsed time: 9707.545739 seconds (0d 2h 41m 47s)

---------------  T H R E A D  ---------------

Current thread (0x00000278a7ae9000):  JavaThread "C2 CompilerThread0" daemon [_thread_in_native, id=6184, stack(0x000000dc4f900000,0x000000dc4fa00000)]


Current CompileTask:
C2:9707545 28414       4       org.gradle.internal.component.external.model.DefaultConfigurationMetadata::getAttributes (28 bytes)

Stack: [0x000000dc4f900000,0x000000dc4fa00000],  sp=0x000000dc4f9fdc30,  free space=1015k
Native frames: (J=compiled Java code, j=interpreted, Vv=VM code, C=native code)
V  [jvm.dll+0x2045dc]
V  [jvm.dll+0x6175ab]
V  [jvm.dll+0x202b58]
V  [jvm.dll+0x1fa606]
V  [jvm.dll+0x18354c]
V  [jvm.dll+0x208ee7]
V  [jvm.dll+0x207731]
V  [jvm.dll+0x6eb1cf]
V  [jvm.dll+0x6e3d45]
V  [jvm.dll+0x5ebe96]
C  [ucrtbase.dll+0x210b2]
C  [KERNEL32.DLL+0x17c24]
C  [ntdll.dll+0x6d721]


siginfo: EXCEPTION_ACCESS_VIOLATION (0xc0000005), reading address 0x0000000000000028


Register to memory mapping:

RIP=0x00007ffc8f5e45dc jvm.dll
RAX=0x0 is NULL
RBX=0x00000278b50e5b28 points into unknown readable memory: 0x00007ffc8fbfa1f8 | f8 a1 bf 8f fc 7f 00 00
RCX=0x0 is NULL
RDX=0x0000000000000200 is an unknown value
RSP=0x000000dc4f9fdc30 is pointing into the stack for thread: 0x00000278a7ae9000
RBP=0x000000dc4f9fde60 is pointing into the stack for thread: 0x00000278a7ae9000
RSI=0x000000dc4f9fea40 is pointing into the stack for thread: 0x00000278a7ae9000
RDI=0x000000dc4f9fdce0 is pointing into the stack for thread: 0x00000278a7ae9000
R8 =0x00000278b799cfd0 points into unknown readable memory: 0xdcf013da7fc107eb | eb 07 c1 7f da 13 f0 dc
R9 =0x0000000000000072 is an unknown value
R10=0x0000000000000004 is an unknown value
R11=0x0000000000000009 is an unknown value
R12=0x000000000000073e is an unknown value
R13=0x00000278ae62fc58 points into unknown readable memory: 0x00c42eedb05d10de | de 10 5d b0 ed 2e c4 00
R14=0x00000278b50e5d68 points into unknown readable memory: 0x0000000000000000 | 00 00 00 00 00 00 00 00
R15=0x00000278b50e5d68 points into unknown readable memory: 0x0000000000000000 | 00 00 00 00 00 00 00 00


Registers:
RAX=0x0000000000000000, RBX=0x00000278b50e5b28, RCX=0x0000000000000000, RDX=0x0000000000000200
RSP=0x000000dc4f9fdc30, RBP=0x000000dc4f9fde60, RSI=0x000000dc4f9fea40, RDI=0x000000dc4f9fdce0
R8 =0x00000278b799cfd0, R9 =0x0000000000000072, R10=0x0000000000000004, R11=0x0000000000000009
R12=0x000000000000073e, R13=0x00000278ae62fc58, R14=0x00000278b50e5d68, R15=0x00000278b50e5d68
RIP=0x00007ffc8f5e45dc, EFLAGS=0x0000000000010202

Top of Stack: (sp=0x000000dc4f9fdc30)
0x000000dc4f9fdc30:   00000278b7988948 000000dc4f9fea40
0x000000dc4f9fdc40:   000000dc4f9fdce0 0000000000000090
0x000000dc4f9fdc50:   00000278a7ae0988 000000dc4f9fdcd0
0x000000dc4f9fdc60:   00000278a8455a90 000000dc4f9fdfe0
0x000000dc4f9fdc70:   00000278a8455a90 00007ffc8f9f75ab
0x000000dc4f9fdc80:   000000dc4f9fde60 000000dc4f9fde60
0x000000dc4f9fdc90:   00000278ae62d3d0 00000278a8455a90
0x000000dc4f9fdca0:   00000000000302e8 00007ffc8f5e2b58
0x000000dc4f9fdcb0:   000000dc4f9fea40 0000000000000001
0x000000dc4f9fdcc0:   00000278ae627c70 00000278a8455a90
0x000000dc4f9fdcd0:   000000dc00000002 000000dc4f9fea40
0x000000dc4f9fdce0:   00000278a8455a90 0000027800004000
0x000000dc4f9fdcf0:   00000278b0326e90 0000027800001d97
0x000000dc4f9fdd00:   00007ffc8fc4de48 00000278a8455a90
0x000000dc4f9fdd10:   00007ffc00000200 00000278b799cfd0
0x000000dc4f9fdd20:   000000dc00000000 000000dc4f9ff700 

Instructions: (pc=0x00007ffc8f5e45dc)
0x00007ffc8f5e44dc:   4c 89 7c 24 20 48 8b 43 18 4c 8b 3c e8 49 8b cf
0x00007ffc8f5e44ec:   49 8b 07 ff 50 70 48 85 f6 7e 0e 48 8b 4b 18 48
0x00007ffc8f5e44fc:   8b d5 48 2b d6 4c 89 3c d1 8b 48 28 8b c1 c1 e8
0x00007ffc8f5e450c:   05 41 3b 45 30 73 19 44 8b c0 83 e1 1f 49 8b 45
0x00007ffc8f5e451c:   38 ba 01 00 00 00 d3 e2 42 8b 04 80 23 c2 75 05
0x00007ffc8f5e452c:   ff c7 48 ff c6 41 ff c6 48 ff c5 44 3b 33 7c a5
0x00007ffc8f5e453c:   29 3b 4c 8b 7c 24 20 48 8b 74 24 60 48 8b 6c 24
0x00007ffc8f5e454c:   50 48 83 c4 28 41 5e 41 5d 5f 5b c3 29 3a 48 83
0x00007ffc8f5e455c:   c4 28 41 5e 41 5d 5f 5b c3 cc cc cc cc cc cc cc
0x00007ffc8f5e456c:   cc cc cc cc 40 53 56 57 48 83 ec 30 4c 89 64 24
0x00007ffc8f5e457c:   60 48 8b fa 45 33 e4 48 8b f1 44 39 62 18 0f 86
0x00007ffc8f5e458c:   2d 01 00 00 48 89 6c 24 58 4c 89 74 24 28 4c 89
0x00007ffc8f5e459c:   7c 24 20 90 48 8b 47 10 4a 8b 1c e0 41 ff c4 8b
0x00007ffc8f5e45ac:   43 2c 83 e0 03 3c 03 75 09 48 8d 4b 50 e8 22 38
0x00007ffc8f5e45bc:   44 00 44 8b 53 20 33 c0 45 85 d2 7e 59 0f 1f 80
0x00007ffc8f5e45cc:   00 00 00 00 4c 8b 73 10 49 8b 0c c6 4d 8d 3c c6
0x00007ffc8f5e45dc:   44 8b 59 28 41 8b d3 c1 ea 05 3b 57 30 73 1e 4c
0x00007ffc8f5e45ec:   8b 47 38 41 83 e3 1f 44 8b ca 41 0f b6 cb ba 01
0x00007ffc8f5e45fc:   00 00 00 d3 e2 43 8b 0c 88 23 ca 75 12 ff 4b 20
0x00007ffc8f5e460c:   ff c8 8b 4b 20 41 ff ca 49 8b 0c ce 49 89 0f ff
0x00007ffc8f5e461c:   c0 41 3b c2 7c ae 83 7b 20 01 75 7c 48 8b cb e8
0x00007ffc8f5e462c:   d0 7f 3c 00 84 c0 74 70 48 8b 43 10 48 8b 9e 38
0x00007ffc8f5e463c:   07 00 00 4c 8b 30 41 8b 4e 28 8b c1 c1 e8 05 3b
0x00007ffc8f5e464c:   43 30 72 0f 48 8b 43 20 8b d1 48 8d 4b 20 ff 50
0x00007ffc8f5e465c:   18 eb 25 83 e1 1f 41 b8 01 00 00 00 41 d3 e0 8b
0x00007ffc8f5e466c:   c8 48 8b 43 38 48 8d 14 88 8b 0c 88 8b c1 41 0b
0x00007ffc8f5e467c:   c8 89 0a 41 23 c0 75 20 8b 6b 18 8d 45 01 89 43
0x00007ffc8f5e468c:   18 3b 6b 08 72 0a 8b d5 48 8b cb e8 24 7d 3c 00
0x00007ffc8f5e469c:   48 8b 43 10 4c 89 34 e8 44 3b 67 18 0f 82 f2 fe
0x00007ffc8f5e46ac:   ff ff 4c 8b 7c 24 20 4c 8b 74 24 28 48 8b 6c 24
0x00007ffc8f5e46bc:   58 48 8b 46 08 4c 8b 64 24 60 48 8b 88 78 01 00
0x00007ffc8f5e46cc:   00 8b 01 83 e8 01 48 63 d8 78 53 66 0f 1f 84 00 


Stack slot to memory mapping:
stack at sp + 0 slots: 0x00000278b7988948 points into unknown readable memory: 0x00007ffc8fbc3ea0 | a0 3e bc 8f fc 7f 00 00
stack at sp + 1 slots: 0x000000dc4f9fea40 is pointing into the stack for thread: 0x00000278a7ae9000
stack at sp + 2 slots: 0x000000dc4f9fdce0 is pointing into the stack for thread: 0x00000278a7ae9000
stack at sp + 3 slots: 0x0000000000000090 is an unknown value
stack at sp + 4 slots: 0x00000278a7ae0988 points into unknown readable memory: 0x00000278a7ae9000 | 00 90 ae a7 78 02 00 00
stack at sp + 5 slots: 0x000000dc4f9fdcd0 is pointing into the stack for thread: 0x00000278a7ae9000
stack at sp + 6 slots: 0x00000278a8455a90 points into unknown readable memory: 0x75736e6f00000006 | 06 00 00 00 6f 6e 73 75
stack at sp + 7 slots: 0x000000dc4f9fdfe0 is pointing into the stack for thread: 0x00000278a7ae9000


---------------  P R O C E S S  ---------------

Threads class SMR info:
_java_thread_list=0x00000278b24874f0, length=50, elements={
0x000002788bf4d000, 0x00000278a7acc800, 0x00000278a7acf000, 0x00000278a8454800,
0x00000278a8457000, 0x00000278a845b800, 0x00000278a7ae9000, 0x00000278a7aea800,
0x00000278a7aec000, 0x00000278a85a1800, 0x00000278a91fc000, 0x00000278ab779800,
0x00000278aa561000, 0x00000278aad04000, 0x00000278aad02000, 0x00000278aad03000,
0x00000278aacff800, 0x00000278aad06800, 0x00000278ac123000, 0x00000278ac11e000,
0x00000278ac11f000, 0x00000278ac11d000, 0x00000278ac125800, 0x00000278ac12a800,
0x00000278ac12b000, 0x00000278aff99800, 0x00000278aff8d000, 0x00000278b2650800,
0x00000278b264f000, 0x00000278aff8e800, 0x00000278aff91000, 0x00000278aff92000,
0x00000278aff93800, 0x00000278aff93000, 0x00000278aff8e000, 0x00000278aff94800,
0x00000278aff95000, 0x00000278aff8f800, 0x00000278aff9a000, 0x00000278aff98800,
0x00000278aff97800, 0x00000278aff9b000, 0x00000278aff9b800, 0x00000278aff96000,
0x00000278aff97000, 0x00000278b2653000, 0x00000278b2654000, 0x00000278b2651800,
0x00000278b264f800, 0x00000278b2658000
}

Java Threads: ( => current thread )
  0x000002788bf4d000 JavaThread "main" [_thread_blocked, id=2496, stack(0x000000dc4ed00000,0x000000dc4ee00000)]
  0x00000278a7acc800 JavaThread "Reference Handler" daemon [_thread_blocked, id=1380, stack(0x000000dc4f400000,0x000000dc4f500000)]
  0x00000278a7acf000 JavaThread "Finalizer" daemon [_thread_blocked, id=8332, stack(0x000000dc4f500000,0x000000dc4f600000)]
  0x00000278a8454800 JavaThread "Signal Dispatcher" daemon [_thread_blocked, id=5240, stack(0x000000dc4f600000,0x000000dc4f700000)]
  0x00000278a8457000 JavaThread "Attach Listener" daemon [_thread_blocked, id=10568, stack(0x000000dc4f700000,0x000000dc4f800000)]
  0x00000278a845b800 JavaThread "Service Thread" daemon [_thread_blocked, id=11572, stack(0x000000dc4f800000,0x000000dc4f900000)]
=>0x00000278a7ae9000 JavaThread "C2 CompilerThread0" daemon [_thread_in_native, id=6184, stack(0x000000dc4f900000,0x000000dc4fa00000)]
  0x00000278a7aea800 JavaThread "C1 CompilerThread0" daemon [_thread_blocked, id=11584, stack(0x000000dc4fa00000,0x000000dc4fb00000)]
  0x00000278a7aec000 JavaThread "Sweeper thread" daemon [_thread_blocked, id=8940, stack(0x000000dc4fb00000,0x000000dc4fc00000)]
  0x00000278a85a1800 JavaThread "Common-Cleaner" daemon [_thread_blocked, id=11832, stack(0x000000dc4fc00000,0x000000dc4fd00000)]
  0x00000278a91fc000 JavaThread "Daemon health stats" [_thread_blocked, id=4136, stack(0x000000dc50100000,0x000000dc50200000)]
  0x00000278ab779800 JavaThread "Incoming local TCP Connector on port 50665" [_thread_in_native, id=7140, stack(0x000000dc4fe00000,0x000000dc4ff00000)]
  0x00000278aa561000 JavaThread "Daemon periodic checks" [_thread_blocked, id=3832, stack(0x000000dc50300000,0x000000dc50400000)]
  0x00000278aad04000 JavaThread "Cache worker for file hash cache (C:\Users\MSHL3\.gradle\caches\7.0.2\fileHashes)" [_thread_blocked, id=11420, stack(0x000000dc50b00000,0x000000dc50c00000)]
  0x00000278aad02000 JavaThread "File lock request listener" [_thread_in_native, id=4120, stack(0x000000dc50c00000,0x000000dc50d00000)]
  0x00000278aad03000 JavaThread "Cache worker for journal cache (C:\Users\MSHL3\.gradle\caches\journal-1)" [_thread_blocked, id=11248, stack(0x000000dc50e00000,0x000000dc50f00000)]
  0x00000278aacff800 JavaThread "File watcher server" daemon [_thread_in_native, id=8276, stack(0x000000dc51000000,0x000000dc51100000)]
  0x00000278aad06800 JavaThread "File watcher consumer" daemon [_thread_blocked, id=3828, stack(0x000000dc51100000,0x000000dc51200000)]
  0x00000278ac123000 JavaThread "Cache worker for execution history cache (C:\Users\MSHL3\.gradle\caches\7.0.2\executionHistory)" [_thread_blocked, id=9732, stack(0x000000dc51500000,0x000000dc51600000)]
  0x00000278ac11e000 JavaThread "jar transforms" [_thread_blocked, id=1372, stack(0x000000dc51600000,0x000000dc51700000)]
  0x00000278ac11f000 JavaThread "jar transforms Thread 2" [_thread_blocked, id=4736, stack(0x000000dc51700000,0x000000dc51800000)]
  0x00000278ac11d000 JavaThread "Cache worker for file content cache (C:\Users\MSHL3\.gradle\caches\7.0.2\fileContent)" [_thread_blocked, id=10412, stack(0x000000dc51800000,0x000000dc51900000)]
  0x00000278ac125800 JavaThread "jar transforms Thread 3" [_thread_blocked, id=1764, stack(0x000000dc51a00000,0x000000dc51b00000)]
  0x00000278ac12a800 JavaThread "jar transforms Thread 4" [_thread_blocked, id=1128, stack(0x000000dc52000000,0x000000dc52100000)]
  0x00000278ac12b000 JavaThread "Memory manager" [_thread_blocked, id=12052, stack(0x000000dc52100000,0x000000dc52200000)]
  0x00000278aff99800 JavaThread "Cache worker for Java compile cache (C:\Users\MSHL3\.gradle\caches\7.0.2\javaCompile)" [_thread_blocked, id=260, stack(0x000000dc53100000,0x000000dc53200000)]
  0x00000278aff8d000 JavaThread "ForkJoinPool.commonPool-worker-5" daemon [_thread_blocked, id=10852, stack(0x000000dc52f00000,0x000000dc53000000)]
  0x00000278b2650800 JavaThread "Daemon Thread 10" [_thread_blocked, id=11220, stack(0x000000dc4ea00000,0x000000dc4eb00000)]
  0x00000278b264f000 JavaThread "Daemon worker Thread 10" [_thread_in_Java, id=5040, stack(0x000000dc50200000,0x000000dc50300000)]
  0x00000278aff8e800 JavaThread "Handler for socket connection from /127.0.0.1:50665 to /127.0.0.1:51743" [_thread_in_native, id=9572, stack(0x000000dc4eb00000,0x000000dc4ec00000)]
  0x00000278aff91000 JavaThread "Cancel handler" [_thread_blocked, id=8312, stack(0x000000dc4ec00000,0x000000dc4ed00000)]
  0x00000278aff92000 JavaThread "Asynchronous log dispatcher for DefaultDaemonConnection: socket connection from /127.0.0.1:50665 to /127.0.0.1:51743" [_thread_blocked, id=3164, stack(0x000000dc50400000,0x000000dc50500000)]
  0x00000278aff93800 JavaThread "Stdin handler" [_thread_blocked, id=3472, stack(0x000000dc50500000,0x000000dc50600000)]
  0x00000278aff93000 JavaThread "Daemon client event forwarder" [_thread_blocked, id=12068, stack(0x000000dc50600000,0x000000dc50700000)]
  0x00000278aff8e000 JavaThread "Cache worker for file hash cache (C:\Users\MSHL3\AndroidStudioProjects\MyApplication6\.gradle\7.0.2\fileHashes)" [_thread_blocked, id=3352, stack(0x000000dc50700000,0x000000dc50800000)]
  0x00000278aff94800 JavaThread "Cache worker for checksums cache (C:\Users\MSHL3\AndroidStudioProjects\MyApplication6\.gradle\checksums)" [_thread_blocked, id=3068, stack(0x000000dc50800000,0x000000dc50900000)]
  0x00000278aff95000 JavaThread "Cache worker for cache directory md-supplier (C:\Users\MSHL3\.gradle\caches\7.0.2\md-supplier)" [_thread_blocked, id=9092, stack(0x000000dc50900000,0x000000dc50a00000)]
  0x00000278aff8f800 JavaThread "Cache worker for cache directory md-rule (C:\Users\MSHL3\.gradle\caches\7.0.2\md-rule)" [_thread_blocked, id=6032, stack(0x000000dc50a00000,0x000000dc50b00000)]
  0x00000278aff9a000 JavaThread "Cache worker for dependencies-accessors (C:\Users\MSHL3\AndroidStudioProjects\MyApplication6\.gradle\7.0.2\dependencies-accessors)" [_thread_blocked, id=4160, stack(0x000000dc50f00000,0x000000dc51000000)]
  0x00000278aff98800 JavaThread "Cache worker for Build Output Cleanup Cache (C:\Users\MSHL3\AndroidStudioProjects\MyApplication6\.gradle\buildOutputCleanup)" [_thread_blocked, id=11680, stack(0x000000dc51200000,0x000000dc51300000)]
  0x00000278aff97800 JavaThread "C2 CompilerThread1" daemon [_thread_in_native, id=228, stack(0x000000dc51300000,0x000000dc51400000)]
  0x00000278aff9b000 JavaThread "Build operations" [_thread_blocked, id=7044, stack(0x000000dc51400000,0x000000dc51500000)]
  0x00000278aff9b800 JavaThread "Build operations Thread 2" [_thread_blocked, id=1056, stack(0x000000dc51900000,0x000000dc51a00000)]
  0x00000278aff96000 JavaThread "Build operations Thread 3" [_thread_blocked, id=10232, stack(0x000000dc51b00000,0x000000dc51c00000)]
  0x00000278aff97000 JavaThread "Build operations Thread 4" [_thread_blocked, id=9836, stack(0x000000dc51c00000,0x000000dc51d00000)]
  0x00000278b2653000 JavaThread "build event listener" [_thread_blocked, id=1476, stack(0x000000dc51d00000,0x000000dc51e00000)]
  0x00000278b2654000 JavaThread "Execution worker for ':'" [_thread_blocked, id=10072, stack(0x000000dc51e00000,0x000000dc51f00000)]
  0x00000278b2651800 JavaThread "Execution worker for ':' Thread 2" [_thread_blocked, id=8232, stack(0x000000dc51f00000,0x000000dc52000000)]
  0x00000278b264f800 JavaThread "Execution worker for ':' Thread 3" [_thread_blocked, id=8580, stack(0x000000dc52200000,0x000000dc52300000)]
  0x00000278b2658000 JavaThread "Cache worker for execution history cache (C:\Users\MSHL3\AndroidStudioProjects\MyApplication6\.gradle\7.0.2\executionHistory)" [_thread_blocked, id=11256, stack(0x000000dc52300000,0x000000dc52400000)]

Other Threads:
  0x00000278a7ac9800 VMThread "VM Thread" [stack: 0x000000dc4f300000,0x000000dc4f400000] [id=5848]
  0x00000278a85ff000 WatcherThread [stack: 0x000000dc4fd00000,0x000000dc4fe00000] [id=10152]
  0x000002788bf96000 GCTaskThread "GC Thread#0" [stack: 0x000000dc4ee00000,0x000000dc4ef00000] [id=6316]
  0x00000278a90e0800 GCTaskThread "GC Thread#1" [stack: 0x000000dc4ff00000,0x000000dc50000000] [id=8836]
  0x00000278a8edc000 GCTaskThread "GC Thread#2" [stack: 0x000000dc50000000,0x000000dc50100000] [id=9124]
  0x00000278aa38d800 GCTaskThread "GC Thread#3" [stack: 0x000000dc50d00000,0x000000dc50e00000] [id=10328]
  0x000002788bfc8000 ConcurrentGCThread "G1 Main Marker" [stack: 0x000000dc4ef00000,0x000000dc4f000000] [id=11448]
  0x000002788bfc9000 ConcurrentGCThread "G1 Conc#0" [stack: 0x000000dc4f000000,0x000000dc4f100000] [id=9568]
  0x00000278a7920800 ConcurrentGCThread "G1 Refine#0" [stack: 0x000000dc4f100000,0x000000dc4f200000] [id=11708]
  0x00000278af998000 ConcurrentGCThread "G1 Refine#1" [stack: 0x000000dc52700000,0x000000dc52800000] [id=9684]
  0x00000278a9842000 ConcurrentGCThread "G1 Refine#2" [stack: 0x000000dc52800000,0x000000dc52900000] [id=2620]
  0x00000278a8969000 ConcurrentGCThread "G1 Refine#3" [stack: 0x000000dc52900000,0x000000dc52a00000] [id=2396]
  0x00000278a7921800 ConcurrentGCThread "G1 Young RemSet Sampling" [stack: 0x000000dc4f200000,0x000000dc4f300000] [id=9856]

Threads with active compile tasks:
C2 CompilerThread09707697 28414       4       org.gradle.internal.component.external.model.DefaultConfigurationMetadata::getAttributes (28 bytes)
C2 CompilerThread19707697 28410       4       org.gradle.api.internal.artifacts.ivyservice.resolveengine.graph.builder.DependencyGraphBuilder::performSelectionSerially (113 bytes)

VM state:not at safepoint (normal execution)

VM Mutex/Monitor currently owned by a thread: None

Heap address: 0x0000000080000000, size: 2048 MB, Compressed Oops mode: 32-bit
Narrow klass base: 0x0000000000000000, Narrow klass shift: 3
Compressed class space size: 1073741824 Address: 0x0000000100000000

Heap:
 garbage-first heap   total 230400K, used 172359K [0x0000000080000000, 0x0000000100000000)
  region size 1024K, 54 young (55296K), 7 survivors (7168K)
 Metaspace       used 145380K, capacity 149261K, committed 150220K, reserved 1179648K
  class space    used 17861K, capacity 19282K, committed 19660K, reserved 1048576K
Heap Regions: E=young(eden), S=young(survivor), O=old, HS=humongous(starts), HC=humongous(continues), CS=collection set, F=free, A=archive, TAMS=top-at-mark-start (previous, next)
|   0|0x0000000080000000, 0x0000000080100000, 0x0000000080100000|100%| O|  |TAMS 0x0000000080100000, 0x0000000080000000| Untracked 
|   1|0x0000000080100000, 0x0000000080200000, 0x0000000080200000|100%| O|  |TAMS 0x0000000080200000, 0x0000000080100000| Untracked 
|   2|0x0000000080200000, 0x0000000080300000, 0x0000000080300000|100%| O|  |TAMS 0x0000000080300000, 0x0000000080200000| Untracked 
|   3|0x0000000080300000, 0x0000000080400000, 0x0000000080400000|100%|HS|  |TAMS 0x0000000080400000, 0x0000000080300000| Complete 
|   4|0x0000000080400000, 0x0000000080500000, 0x0000000080500000|100%|HC|  |TAMS 0x0000000080500000, 0x0000000080400000| Complete 
|   5|0x0000000080500000, 0x0000000080600000, 0x0000000080600000|100%|HC|  |TAMS 0x0000000080600000, 0x0000000080500000| Complete 
|   6|0x0000000080600000, 0x0000000080700000, 0x0000000080700000|100%| O|  |TAMS 0x0000000080700000, 0x0000000080600000| Untracked 
|   7|0x0000000080700000, 0x0000000080800000, 0x0000000080800000|100%| O|  |TAMS 0x0000000080800000, 0x0000000080700000| Untracked 
|   8|0x0000000080800000, 0x0000000080900000, 0x0000000080900000|100%| O|  |TAMS 0x0000000080900000, 0x0000000080800000| Untracked 
|   9|0x0000000080900000, 0x0000000080a00000, 0x0000000080a00000|100%| O|  |TAMS 0x0000000080a00000, 0x0000000080900000| Untracked 
|  10|0x0000000080a00000, 0x0000000080b00000, 0x0000000080b00000|100%| O|  |TAMS 0x0000000080b00000, 0x0000000080a00000| Untracked 
|  11|0x0000000080b00000, 0x0000000080c00000, 0x0000000080c00000|100%| O|  |TAMS 0x0000000080c00000, 0x0000000080b00000| Untracked 
|  12|0x0000000080c00000, 0x0000000080d00000, 0x0000000080d00000|100%| O|  |TAMS 0x0000000080d00000, 0x0000000080c00000| Untracked 
|  13|0x0000000080d00000, 0x0000000080e00000, 0x0000000080e00000|100%| O|  |TAMS 0x0000000080e00000, 0x0000000080d00000| Untracked 
|  14|0x0000000080e00000, 0x0000000080f00000, 0x0000000080f00000|100%| O|  |TAMS 0x0000000080f00000, 0x0000000080e00000| Complete 
|  15|0x0000000080f00000, 0x0000000081000000, 0x0000000081000000|100%| O|  |TAMS 0x0000000081000000, 0x0000000080f00000| Complete 
|  16|0x0000000081000000, 0x0000000081100000, 0x0000000081100000|100%| O|  |TAMS 0x0000000081100000, 0x0000000081000000| Complete 
|  17|0x0000000081100000, 0x0000000081200000, 0x0000000081200000|100%|HS|  |TAMS 0x0000000081200000, 0x0000000081100000| Complete 
|  18|0x0000000081200000, 0x0000000081300000, 0x0000000081300000|100%|HS|  |TAMS 0x0000000081300000, 0x0000000081200000| Complete 
|  19|0x0000000081300000, 0x0000000081400000, 0x0000000081400000|100%| O|  |TAMS 0x0000000081400000, 0x0000000081300000| Complete 
|  20|0x0000000081400000, 0x0000000081500000, 0x0000000081500000|100%| O|  |TAMS 0x0000000081500000, 0x0000000081400000| Complete 
|  21|0x0000000081500000, 0x0000000081600000, 0x0000000081600000|100%| O|  |TAMS 0x0000000081600000, 0x0000000081500000| Complete 
|  22|0x0000000081600000, 0x0000000081700000, 0x0000000081700000|100%| O|  |TAMS 0x0000000081700000, 0x0000000081600000| Complete 
|  23|0x0000000081700000, 0x0000000081800000, 0x0000000081800000|100%| O|  |TAMS 0x0000000081800000, 0x0000000081700000| Complete 
|  24|0x0000000081800000, 0x0000000081900000, 0x0000000081900000|100%|HS|  |TAMS 0x0000000081900000, 0x0000000081800000| Complete 
|  25|0x0000000081900000, 0x0000000081a00000, 0x0000000081a00000|100%|HC|  |TAMS 0x0000000081a00000, 0x0000000081900000| Complete 
|  26|0x0000000081a00000, 0x0000000081b00000, 0x0000000081b00000|100%| O|  |TAMS 0x0000000081b00000, 0x0000000081a00000| Complete 
|  27|0x0000000081b00000, 0x0000000081c00000, 0x0000000081c00000|100%| O|  |TAMS 0x0000000081c00000, 0x0000000081b00000| Untracked 
|  28|0x0000000081c00000, 0x0000000081d00000, 0x0000000081d00000|100%|HS|  |TAMS 0x0000000081c00000, 0x0000000081c00000| Complete 
|  29|0x0000000081d00000, 0x0000000081e00000, 0x0000000081e00000|100%|HC|  |TAMS 0x0000000081d00000, 0x0000000081d00000| Complete 
|  30|0x0000000081e00000, 0x0000000081f00000, 0x0000000081f00000|100%| O|  |TAMS 0x0000000081f00000, 0x0000000081e00000| Complete 
|  31|0x0000000081f00000, 0x0000000082000000, 0x0000000082000000|100%| O|  |TAMS 0x0000000082000000, 0x0000000081f00000| Untracked 
|  32|0x0000000082000000, 0x0000000082100000, 0x0000000082100000|100%| O|  |TAMS 0x0000000082100000, 0x0000000082000000| Untracked 
|  33|0x0000000082100000, 0x0000000082200000, 0x0000000082200000|100%| O|  |TAMS 0x0000000082200000, 0x0000000082100000| Complete 
|  34|0x0000000082200000, 0x0000000082300000, 0x0000000082300000|100%| O|  |TAMS 0x0000000082300000, 0x0000000082200000| Complete 
|  35|0x0000000082300000, 0x0000000082400000, 0x0000000082400000|100%| O|  |TAMS 0x0000000082400000, 0x0000000082300000| Untracked 
|  36|0x0000000082400000, 0x0000000082500000, 0x0000000082500000|100%| O|  |TAMS 0x0000000082500000, 0x0000000082400000| Complete 
|  37|0x0000000082500000, 0x0000000082600000, 0x0000000082600000|100%| O|  |TAMS 0x0000000082600000, 0x0000000082500000| Complete 
|  38|0x0000000082600000, 0x0000000082700000, 0x0000000082700000|100%| O|  |TAMS 0x0000000082700000, 0x0000000082600000| Untracked 
|  39|0x0000000082700000, 0x0000000082800000, 0x0000000082800000|100%| O|  |TAMS 0x0000000082800000, 0x0000000082700000| Complete 
|  40|0x0000000082800000, 0x0000000082900000, 0x0000000082900000|100%| O|  |TAMS 0x0000000082900000, 0x0000000082800000| Complete 
|  41|0x0000000082900000, 0x0000000082a00000, 0x0000000082a00000|100%| O|  |TAMS 0x0000000082a00000, 0x0000000082900000| Complete 
|  42|0x0000000082a00000, 0x0000000082b00000, 0x0000000082b00000|100%| O|  |TAMS 0x0000000082b00000, 0x0000000082a00000| Untracked 
|  43|0x0000000082b00000, 0x0000000082c00000, 0x0000000082c00000|100%| O|  |TAMS 0x0000000082c00000, 0x0000000082b00000| Complete 
|  44|0x0000000082c00000, 0x0000000082d00000, 0x0000000082d00000|100%| O|  |TAMS 0x0000000082d00000, 0x0000000082c00000| Untracked 
|  45|0x0000000082d00000, 0x0000000082e00000, 0x0000000082e00000|100%| O|  |TAMS 0x0000000082e00000, 0x0000000082d00000| Complete 
|  46|0x0000000082e00000, 0x0000000082f00000, 0x0000000082f00000|100%| O|  |TAMS 0x0000000082f00000, 0x0000000082e00000| Untracked 
|  47|0x0000000082f00000, 0x0000000083000000, 0x0000000083000000|100%| O|  |TAMS 0x0000000083000000, 0x0000000082f00000| Complete 
|  48|0x0000000083000000, 0x0000000083100000, 0x0000000083100000|100%| O|  |TAMS 0x0000000083100000, 0x0000000083000000| Complete 
|  49|0x0000000083100000, 0x0000000083200000, 0x0000000083200000|100%| O|  |TAMS 0x0000000083200000, 0x0000000083100000| Complete 
|  50|0x0000000083200000, 0x0000000083300000, 0x0000000083300000|100%| O|  |TAMS 0x0000000083300000, 0x0000000083200000| Untracked 
|  51|0x0000000083300000, 0x0000000083400000, 0x0000000083400000|100%| O|  |TAMS 0x0000000083400000, 0x0000000083300000| Complete 
|  52|0x0000000083400000, 0x0000000083500000, 0x0000000083500000|100%| O|  |TAMS 0x0000000083500000, 0x0000000083400000| Complete 
|  53|0x0000000083500000, 0x0000000083500000, 0x0000000083600000|  0%| F|  |TAMS 0x0000000083500000, 0x0000000083500000| Untracked 
|  54|0x0000000083600000, 0x0000000083600000, 0x0000000083700000|  0%| F|  |TAMS 0x0000000083600000, 0x0000000083600000| Untracked 
|  55|0x0000000083700000, 0x0000000083800000, 0x0000000083800000|100%| O|  |TAMS 0x0000000083800000, 0x0000000083700000| Complete 
|  56|0x0000000083800000, 0x0000000083900000, 0x0000000083900000|100%| O|  |TAMS 0x0000000083900000, 0x0000000083800000| Complete 
|  57|0x0000000083900000, 0x0000000083a00000, 0x0000000083a00000|100%| O|  |TAMS 0x0000000083a00000, 0x0000000083900000| Untracked 
|  58|0x0000000083a00000, 0x0000000083b00000, 0x0000000083b00000|100%| O|  |TAMS 0x0000000083b00000, 0x0000000083a00000| Complete 
|  59|0x0000000083b00000, 0x0000000083c00000, 0x0000000083c00000|100%| O|  |TAMS 0x0000000083c00000, 0x0000000083b00000| Complete 
|  60|0x0000000083c00000, 0x0000000083d00000, 0x0000000083d00000|100%| O|  |TAMS 0x0000000083d00000, 0x0000000083c00000| Complete 
|  61|0x0000000083d00000, 0x0000000083e00000, 0x0000000083e00000|100%| O|  |TAMS 0x0000000083e00000, 0x0000000083d00000| Complete 
|  62|0x0000000083e00000, 0x0000000083f00000, 0x0000000083f00000|100%| O|  |TAMS 0x0000000083f00000, 0x0000000083e00000| Complete 
|  63|0x0000000083f00000, 0x0000000083f00000, 0x0000000084000000|  0%| F|  |TAMS 0x0000000083f00000, 0x0000000083f00000| Untracked 
|  64|0x0000000084000000, 0x0000000084100000, 0x0000000084100000|100%| O|  |TAMS 0x0000000084100000, 0x0000000084000000| Complete 
|  65|0x0000000084100000, 0x0000000084200000, 0x0000000084200000|100%| O|  |TAMS 0x0000000084200000, 0x0000000084100000| Complete 
|  66|0x0000000084200000, 0x0000000084300000, 0x0000000084300000|100%| O|  |TAMS 0x0000000084300000, 0x0000000084200000| Untracked 
|  67|0x0000000084300000, 0x0000000084300000, 0x0000000084400000|  0%| F|  |TAMS 0x0000000084300000, 0x0000000084300000| Untracked 
|  68|0x0000000084400000, 0x0000000084400000, 0x0000000084500000|  0%| F|  |TAMS 0x0000000084400000, 0x0000000084400000| Untracked 
|  69|0x0000000084500000, 0x0000000084600000, 0x0000000084600000|100%| O|  |TAMS 0x0000000084600000, 0x0000000084500000| Complete 
|  70|0x0000000084600000, 0x0000000084600000, 0x0000000084700000|  0%| F|  |TAMS 0x0000000084600000, 0x0000000084600000| Untracked 
|  71|0x0000000084700000, 0x0000000084800000, 0x0000000084800000|100%| O|  |TAMS 0x0000000084800000, 0x0000000084700000| Complete 
|  72|0x0000000084800000, 0x0000000084900000, 0x0000000084900000|100%| O|  |TAMS 0x0000000084900000, 0x0000000084800000| Complete 
|  73|0x0000000084900000, 0x0000000084a00000, 0x0000000084a00000|100%| O|  |TAMS 0x0000000084a00000, 0x0000000084900000| Complete 
|  74|0x0000000084a00000, 0x0000000084a00000, 0x0000000084b00000|  0%| F|  |TAMS 0x0000000084a00000, 0x0000000084a00000| Untracked 
|  75|0x0000000084b00000, 0x0000000084b00000, 0x0000000084c00000|  0%| F|  |TAMS 0x0000000084b00000, 0x0000000084b00000| Untracked 
|  76|0x0000000084c00000, 0x0000000084c00000, 0x0000000084d00000|  0%| F|  |TAMS 0x0000000084c00000, 0x0000000084c00000| Untracked 
|  77|0x0000000084d00000, 0x0000000084e00000, 0x0000000084e00000|100%| O|  |TAMS 0x0000000084e00000, 0x0000000084d00000| Untracked 
|  78|0x0000000084e00000, 0x0000000084e00000, 0x0000000084f00000|  0%| F|  |TAMS 0x0000000084e00000, 0x0000000084e00000| Untracked 
|  79|0x0000000084f00000, 0x0000000084f00000, 0x0000000085000000|  0%| F|  |TAMS 0x0000000084f00000, 0x0000000084f00000| Untracked 
|  80|0x0000000085000000, 0x0000000085100000, 0x0000000085100000|100%| O|  |TAMS 0x0000000085100000, 0x0000000085000000| Untracked 
|  81|0x0000000085100000, 0x0000000085200000, 0x0000000085200000|100%| O|  |TAMS 0x0000000085200000, 0x0000000085100000| Complete 
|  82|0x0000000085200000, 0x0000000085200000, 0x0000000085300000|  0%| F|  |TAMS 0x0000000085200000, 0x0000000085200000| Untracked 
|  83|0x0000000085300000, 0x0000000085400000, 0x0000000085400000|100%| O|  |TAMS 0x0000000085400000, 0x0000000085300000| Untracked 
|  84|0x0000000085400000, 0x0000000085400000, 0x0000000085500000|  0%| F|  |TAMS 0x0000000085400000, 0x0000000085400000| Untracked 
|  85|0x0000000085500000, 0x0000000085600000, 0x0000000085600000|100%| O|  |TAMS 0x0000000085600000, 0x0000000085500000| Complete 
|  86|0x0000000085600000, 0x0000000085700000, 0x0000000085700000|100%| O|  |TAMS 0x0000000085700000, 0x0000000085600000| Complete 
|  87|0x0000000085700000, 0x0000000085800000, 0x0000000085800000|100%| O|  |TAMS 0x0000000085800000, 0x0000000085700000| Complete 
|  88|0x0000000085800000, 0x0000000085800000, 0x0000000085900000|  0%| F|  |TAMS 0x0000000085800000, 0x0000000085800000| Untracked 
|  89|0x0000000085900000, 0x0000000085a00000, 0x0000000085a00000|100%| O|  |TAMS 0x0000000085a00000, 0x0000000085900000| Complete 
|  90|0x0000000085a00000, 0x0000000085b00000, 0x0000000085b00000|100%| O|  |TAMS 0x0000000085b00000, 0x0000000085a00000| Complete 
|  91|0x0000000085b00000, 0x0000000085c00000, 0x0000000085c00000|100%| O|  |TAMS 0x0000000085c00000, 0x0000000085b00000| Complete 
|  92|0x0000000085c00000, 0x0000000085d00000, 0x0000000085d00000|100%| O|  |TAMS 0x0000000085d00000, 0x0000000085c00000| Complete 
|  93|0x0000000085d00000, 0x0000000085e00000, 0x0000000085e00000|100%| O|  |TAMS 0x0000000085e00000, 0x0000000085d00000| Complete 
|  94|0x0000000085e00000, 0x0000000085f00000, 0x0000000085f00000|100%| O|  |TAMS 0x0000000085f00000, 0x0000000085e00000| Complete 
|  95|0x0000000085f00000, 0x0000000086000000, 0x0000000086000000|100%| O|  |TAMS 0x0000000086000000, 0x0000000085f00000| Complete 
|  96|0x0000000086000000, 0x0000000086100000, 0x0000000086100000|100%| O|  |TAMS 0x0000000086100000, 0x0000000086000000| Complete 
|  97|0x0000000086100000, 0x0000000086200000, 0x0000000086200000|100%| O|  |TAMS 0x0000000086200000, 0x0000000086100000| Complete 
|  98|0x0000000086200000, 0x0000000086300000, 0x0000000086300000|100%| O|  |TAMS 0x0000000086300000, 0x0000000086200000| Complete 
|  99|0x0000000086300000, 0x0000000086400000, 0x0000000086400000|100%| O|  |TAMS 0x0000000086400000, 0x0000000086300000| Complete 
| 100|0x0000000086400000, 0x0000000086500000, 0x0000000086500000|100%| O|  |TAMS 0x0000000086500000, 0x0000000086400000| Complete 
| 101|0x0000000086500000, 0x0000000086600000, 0x0000000086600000|100%| O|  |TAMS 0x0000000086600000, 0x0000000086500000| Untracked 
| 102|0x0000000086600000, 0x0000000086700000, 0x0000000086700000|100%| O|  |TAMS 0x0000000086700000, 0x0000000086600000| Untracked 
| 103|0x0000000086700000, 0x000000008676a400, 0x0000000086800000| 41%| O|  |TAMS 0x000000008676a400, 0x0000000086700000| Untracked 
| 104|0x0000000086800000, 0x0000000086900000, 0x0000000086900000|100%| O|  |TAMS 0x0000000086900000, 0x0000000086800000| Complete 
| 105|0x0000000086900000, 0x0000000086900000, 0x0000000086a00000|  0%| F|  |TAMS 0x0000000086900000, 0x0000000086900000| Untracked 
| 106|0x0000000086a00000, 0x0000000086b00000, 0x0000000086b00000|100%| O|  |TAMS 0x0000000086b00000, 0x0000000086a00000| Untracked 
| 107|0x0000000086b00000, 0x0000000086c00000, 0x0000000086c00000|100%| O|  |TAMS 0x0000000086c00000, 0x0000000086b00000| Untracked 
| 108|0x0000000086c00000, 0x0000000086c00000, 0x0000000086d00000|  0%| F|  |TAMS 0x0000000086c00000, 0x0000000086c00000| Untracked 
| 109|0x0000000086d00000, 0x0000000086d00000, 0x0000000086e00000|  0%| F|  |TAMS 0x0000000086d00000, 0x0000000086d00000| Untracked 
| 110|0x0000000086e00000, 0x0000000086e00000, 0x0000000086f00000|  0%| F|  |TAMS 0x0000000086e00000, 0x0000000086e00000| Untracked 
| 111|0x0000000086f00000, 0x0000000087000000, 0x0000000087000000|100%|HS|  |TAMS 0x0000000087000000, 0x0000000086f00000| Complete 
| 112|0x0000000087000000, 0x0000000087100000, 0x0000000087100000|100%|HC|  |TAMS 0x0000000087100000, 0x0000000087000000| Complete 
| 113|0x0000000087100000, 0x0000000087200000, 0x0000000087200000|100%|HS|  |TAMS 0x0000000087200000, 0x0000000087100000| Complete 
| 114|0x0000000087200000, 0x0000000087300000, 0x0000000087300000|100%|HC|  |TAMS 0x0000000087300000, 0x0000000087200000| Complete 
| 115|0x0000000087300000, 0x0000000087400000, 0x0000000087400000|100%|HC|  |TAMS 0x0000000087400000, 0x0000000087300000| Complete 
| 116|0x0000000087400000, 0x0000000087500000, 0x0000000087500000|100%|HS|  |TAMS 0x0000000087500000, 0x0000000087400000| Complete 
| 117|0x0000000087500000, 0x0000000087600000, 0x0000000087600000|100%|HC|  |TAMS 0x0000000087600000, 0x0000000087500000| Complete 
| 118|0x0000000087600000, 0x0000000087700000, 0x0000000087700000|100%|HC|  |TAMS 0x0000000087700000, 0x0000000087600000| Complete 
| 119|0x0000000087700000, 0x0000000087800000, 0x0000000087800000|100%|HC|  |TAMS 0x0000000087800000, 0x0000000087700000| Complete 
| 120|0x0000000087800000, 0x0000000087900000, 0x0000000087900000|100%|HC|  |TAMS 0x0000000087900000, 0x0000000087800000| Complete 
| 121|0x0000000087900000, 0x0000000087900000, 0x0000000087a00000|  0%| F|  |TAMS 0x0000000087900000, 0x0000000087900000| Untracked 
| 122|0x0000000087a00000, 0x0000000087a00000, 0x0000000087b00000|  0%| F|  |TAMS 0x0000000087a00000, 0x0000000087a00000| Untracked 
| 123|0x0000000087b00000, 0x0000000087c00000, 0x0000000087c00000|100%|HS|  |TAMS 0x0000000087c00000, 0x0000000087b00000| Complete 
| 124|0x0000000087c00000, 0x0000000087d00000, 0x0000000087d00000|100%|HC|  |TAMS 0x0000000087d00000, 0x0000000087c00000| Complete 
| 125|0x0000000087d00000, 0x0000000087e00000, 0x0000000087e00000|100%|HC|  |TAMS 0x0000000087e00000, 0x0000000087d00000| Complete 
| 126|0x0000000087e00000, 0x0000000087f00000, 0x0000000087f00000|100%|HS|  |TAMS 0x0000000087f00000, 0x0000000087e00000| Complete 
| 127|0x0000000087f00000, 0x0000000088000000, 0x0000000088000000|100%|HC|  |TAMS 0x0000000088000000, 0x0000000087f00000| Complete 
| 128|0x0000000088000000, 0x0000000088100000, 0x0000000088100000|100%|HC|  |TAMS 0x0000000088100000, 0x0000000088000000| Complete 
| 129|0x0000000088100000, 0x0000000088200000, 0x0000000088200000|100%|HC|  |TAMS 0x0000000088200000, 0x0000000088100000| Complete 
| 130|0x0000000088200000, 0x0000000088300000, 0x0000000088300000|100%|HC|  |TAMS 0x0000000088300000, 0x0000000088200000| Complete 
| 131|0x0000000088300000, 0x0000000088300000, 0x0000000088400000|  0%| F|  |TAMS 0x0000000088300000, 0x0000000088300000| Untracked 
| 132|0x0000000088400000, 0x0000000088400000, 0x0000000088500000|  0%| F|  |TAMS 0x0000000088400000, 0x0000000088400000| Untracked 
| 133|0x0000000088500000, 0x0000000088500000, 0x0000000088600000|  0%| F|  |TAMS 0x0000000088500000, 0x0000000088500000| Untracked 
| 134|0x0000000088600000, 0x0000000088600000, 0x0000000088700000|  0%| F|  |TAMS 0x0000000088600000, 0x0000000088600000| Untracked 
| 135|0x0000000088700000, 0x0000000088700000, 0x0000000088800000|  0%| F|  |TAMS 0x0000000088700000, 0x0000000088700000| Untracked 
| 136|0x0000000088800000, 0x0000000088800000, 0x0000000088900000|  0%| F|  |TAMS 0x0000000088800000, 0x0000000088800000| Untracked 
| 137|0x0000000088900000, 0x0000000088900000, 0x0000000088a00000|  0%| F|  |TAMS 0x0000000088900000, 0x0000000088900000| Untracked 
| 138|0x0000000088a00000, 0x0000000088a00000, 0x0000000088b00000|  0%| F|  |TAMS 0x0000000088a00000, 0x0000000088a00000| Untracked 
| 139|0x0000000088b00000, 0x0000000088c00000, 0x0000000088c00000|100%| O|  |TAMS 0x0000000088c00000, 0x0000000088b00000| Untracked 
| 140|0x0000000088c00000, 0x0000000088d00000, 0x0000000088d00000|100%| O|  |TAMS 0x0000000088d00000, 0x0000000088c00000| Untracked 
| 141|0x0000000088d00000, 0x0000000088d00000, 0x0000000088e00000|  0%| F|  |TAMS 0x0000000088d00000, 0x0000000088d00000| Untracked 
| 142|0x0000000088e00000, 0x0000000088f00000, 0x0000000088f00000|100%| O|  |TAMS 0x0000000088f00000, 0x0000000088e00000| Untracked 
| 143|0x0000000088f00000, 0x0000000089000000, 0x0000000089000000|100%| O|  |TAMS 0x0000000089000000, 0x0000000088f00000| Untracked 
| 144|0x0000000089000000, 0x0000000089000000, 0x0000000089100000|  0%| F|  |TAMS 0x0000000089000000, 0x0000000089000000| Untracked 
| 145|0x0000000089100000, 0x0000000089200000, 0x0000000089200000|100%| O|  |TAMS 0x0000000089200000, 0x0000000089100000| Complete 
| 146|0x0000000089200000, 0x0000000089300000, 0x0000000089300000|100%| O|  |TAMS 0x0000000089300000, 0x0000000089200000| Complete 
| 147|0x0000000089300000, 0x0000000089300000, 0x0000000089400000|  0%| F|  |TAMS 0x0000000089300000, 0x0000000089300000| Untracked 
| 148|0x0000000089400000, 0x0000000089400000, 0x0000000089500000|  0%| F|  |TAMS 0x0000000089400000, 0x0000000089400000| Untracked 
| 149|0x0000000089500000, 0x0000000089500000, 0x0000000089600000|  0%| F|  |TAMS 0x0000000089500000, 0x0000000089500000| Untracked 
| 150|0x0000000089600000, 0x0000000089600000, 0x0000000089700000|  0%| F|  |TAMS 0x0000000089600000, 0x0000000089600000| Untracked 
| 151|0x0000000089700000, 0x0000000089700000, 0x0000000089800000|  0%| F|  |TAMS 0x0000000089700000, 0x0000000089700000| Untracked 
| 152|0x0000000089800000, 0x0000000089800000, 0x0000000089900000|  0%| F|  |TAMS 0x0000000089800000, 0x0000000089800000| Untracked 
| 153|0x0000000089900000, 0x00000000899e7b80, 0x0000000089a00000| 90%| S|CS|TAMS 0x0000000089900000, 0x0000000089900000| Complete 
| 154|0x0000000089a00000, 0x0000000089b00000, 0x0000000089b00000|100%| S|CS|TAMS 0x0000000089a00000, 0x0000000089a00000| Complete 
| 155|0x0000000089b00000, 0x0000000089c00000, 0x0000000089c00000|100%| S|CS|TAMS 0x0000000089b00000, 0x0000000089b00000| Complete 
| 156|0x0000000089c00000, 0x0000000089d00000, 0x0000000089d00000|100%| S|CS|TAMS 0x0000000089c00000, 0x0000000089c00000| Complete 
| 157|0x0000000089d00000, 0x0000000089e00000, 0x0000000089e00000|100%| S|CS|TAMS 0x0000000089d00000, 0x0000000089d00000| Complete 
| 158|0x0000000089e00000, 0x0000000089f00000, 0x0000000089f00000|100%| S|CS|TAMS 0x0000000089e00000, 0x0000000089e00000| Complete 
| 159|0x0000000089f00000, 0x000000008a000000, 0x000000008a000000|100%| S|CS|TAMS 0x0000000089f00000, 0x0000000089f00000| Complete 
| 160|0x000000008a000000, 0x000000008a000000, 0x000000008a100000|  0%| F|  |TAMS 0x000000008a000000, 0x000000008a000000| Untracked 
| 161|0x000000008a100000, 0x000000008a100000, 0x000000008a200000|  0%| F|  |TAMS 0x000000008a100000, 0x000000008a100000| Untracked 
| 162|0x000000008a200000, 0x000000008a200000, 0x000000008a300000|  0%| F|  |TAMS 0x000000008a200000, 0x000000008a200000| Untracked 
| 163|0x000000008a300000, 0x000000008a300000, 0x000000008a400000|  0%| F|  |TAMS 0x000000008a300000, 0x000000008a300000| Untracked 
| 164|0x000000008a400000, 0x000000008a400000, 0x000000008a500000|  0%| F|  |TAMS 0x000000008a400000, 0x000000008a400000| Untracked 
| 165|0x000000008a500000, 0x000000008a500000, 0x000000008a600000|  0%| F|  |TAMS 0x000000008a500000, 0x000000008a500000| Untracked 
| 166|0x000000008a600000, 0x000000008a600000, 0x000000008a700000|  0%| F|  |TAMS 0x000000008a600000, 0x000000008a600000| Untracked 
| 167|0x000000008a700000, 0x000000008a700000, 0x000000008a800000|  0%| F|  |TAMS 0x000000008a700000, 0x000000008a700000| Untracked 
| 168|0x000000008a800000, 0x000000008a800000, 0x000000008a900000|  0%| F|  |TAMS 0x000000008a800000, 0x000000008a800000| Untracked 
| 169|0x000000008a900000, 0x000000008a900000, 0x000000008aa00000|  0%| F|  |TAMS 0x000000008a900000, 0x000000008a900000| Untracked 
| 170|0x000000008aa00000, 0x000000008aa00000, 0x000000008ab00000|  0%| F|  |TAMS 0x000000008aa00000, 0x000000008aa00000| Untracked 
| 171|0x000000008ab00000, 0x000000008ab00000, 0x000000008ac00000|  0%| F|  |TAMS 0x000000008ab00000, 0x000000008ab00000| Untracked 
| 172|0x000000008ac00000, 0x000000008ac00000, 0x000000008ad00000|  0%| F|  |TAMS 0x000000008ac00000, 0x000000008ac00000| Untracked 
| 173|0x000000008ad00000, 0x000000008ad00000, 0x000000008ae00000|  0%| F|  |TAMS 0x000000008ad00000, 0x000000008ad00000| Untracked 
| 174|0x000000008ae00000, 0x000000008ae00000, 0x000000008af00000|  0%| F|  |TAMS 0x000000008ae00000, 0x000000008ae00000| Untracked 
| 175|0x000000008af00000, 0x000000008af00000, 0x000000008b000000|  0%| F|  |TAMS 0x000000008af00000, 0x000000008af00000| Untracked 
| 176|0x000000008b000000, 0x000000008b000000, 0x000000008b100000|  0%| F|  |TAMS 0x000000008b000000, 0x000000008b000000| Untracked 
| 177|0x000000008b100000, 0x000000008b100000, 0x000000008b200000|  0%| F|  |TAMS 0x000000008b100000, 0x000000008b100000| Untracked 
| 178|0x000000008b200000, 0x000000008b300000, 0x000000008b300000|100%| E|  |TAMS 0x000000008b200000, 0x000000008b200000| Complete 
| 179|0x000000008b300000, 0x000000008b400000, 0x000000008b400000|100%| E|CS|TAMS 0x000000008b300000, 0x000000008b300000| Complete 
| 180|0x000000008b400000, 0x000000008b500000, 0x000000008b500000|100%| E|CS|TAMS 0x000000008b400000, 0x000000008b400000| Complete 
| 181|0x000000008b500000, 0x000000008b600000, 0x000000008b600000|100%| E|CS|TAMS 0x000000008b500000, 0x000000008b500000| Complete 
| 182|0x000000008b600000, 0x000000008b700000, 0x000000008b700000|100%| E|CS|TAMS 0x000000008b600000, 0x000000008b600000| Complete 
| 183|0x000000008b700000, 0x000000008b800000, 0x000000008b800000|100%| E|CS|TAMS 0x000000008b700000, 0x000000008b700000| Complete 
| 184|0x000000008b800000, 0x000000008b900000, 0x000000008b900000|100%| E|CS|TAMS 0x000000008b800000, 0x000000008b800000| Complete 
| 185|0x000000008b900000, 0x000000008ba00000, 0x000000008ba00000|100%| E|CS|TAMS 0x000000008b900000, 0x000000008b900000| Complete 
| 186|0x000000008ba00000, 0x000000008bb00000, 0x000000008bb00000|100%| E|CS|TAMS 0x000000008ba00000, 0x000000008ba00000| Complete 
| 187|0x000000008bb00000, 0x000000008bc00000, 0x000000008bc00000|100%| E|CS|TAMS 0x000000008bb00000, 0x000000008bb00000| Complete 
| 188|0x000000008bc00000, 0x000000008bd00000, 0x000000008bd00000|100%| E|CS|TAMS 0x000000008bc00000, 0x000000008bc00000| Complete 
| 189|0x000000008bd00000, 0x000000008be00000, 0x000000008be00000|100%| E|CS|TAMS 0x000000008bd00000, 0x000000008bd00000| Complete 
| 190|0x000000008be00000, 0x000000008bf00000, 0x000000008bf00000|100%| E|CS|TAMS 0x000000008be00000, 0x000000008be00000| Complete 
| 191|0x000000008bf00000, 0x000000008c000000, 0x000000008c000000|100%| E|CS|TAMS 0x000000008bf00000, 0x000000008bf00000| Complete 
| 192|0x000000008c000000, 0x000000008c100000, 0x000000008c100000|100%| E|CS|TAMS 0x000000008c000000, 0x000000008c000000| Complete 
| 193|0x000000008c100000, 0x000000008c200000, 0x000000008c200000|100%| E|CS|TAMS 0x000000008c100000, 0x000000008c100000| Complete 
| 194|0x000000008c200000, 0x000000008c300000, 0x000000008c300000|100%| E|CS|TAMS 0x000000008c200000, 0x000000008c200000| Complete 
| 195|0x000000008c300000, 0x000000008c400000, 0x000000008c400000|100%| E|CS|TAMS 0x000000008c300000, 0x000000008c300000| Complete 
| 196|0x000000008c400000, 0x000000008c500000, 0x000000008c500000|100%| E|CS|TAMS 0x000000008c400000, 0x000000008c400000| Complete 
| 197|0x000000008c500000, 0x000000008c600000, 0x000000008c600000|100%| E|CS|TAMS 0x000000008c500000, 0x000000008c500000| Complete 
| 198|0x000000008c600000, 0x000000008c700000, 0x000000008c700000|100%| E|CS|TAMS 0x000000008c600000, 0x000000008c600000| Complete 
| 199|0x000000008c700000, 0x000000008c800000, 0x000000008c800000|100%| E|CS|TAMS 0x000000008c700000, 0x000000008c700000| Complete 
| 200|0x000000008c800000, 0x000000008c900000, 0x000000008c900000|100%| E|CS|TAMS 0x000000008c800000, 0x000000008c800000| Complete 
| 201|0x000000008c900000, 0x000000008ca00000, 0x000000008ca00000|100%| E|CS|TAMS 0x000000008c900000, 0x000000008c900000| Complete 
| 202|0x000000008ca00000, 0x000000008cb00000, 0x000000008cb00000|100%| E|  |TAMS 0x000000008ca00000, 0x000000008ca00000| Complete 
| 203|0x000000008cb00000, 0x000000008cc00000, 0x000000008cc00000|100%| E|CS|TAMS 0x000000008cb00000, 0x000000008cb00000| Complete 
| 204|0x000000008cc00000, 0x000000008cd00000, 0x000000008cd00000|100%| E|CS|TAMS 0x000000008cc00000, 0x000000008cc00000| Complete 
| 205|0x000000008cd00000, 0x000000008ce00000, 0x000000008ce00000|100%| E|CS|TAMS 0x000000008cd00000, 0x000000008cd00000| Complete 
| 206|0x000000008ce00000, 0x000000008cf00000, 0x000000008cf00000|100%| E|CS|TAMS 0x000000008ce00000, 0x000000008ce00000| Complete 
| 207|0x000000008cf00000, 0x000000008d000000, 0x000000008d000000|100%| E|CS|TAMS 0x000000008cf00000, 0x000000008cf00000| Complete 
| 208|0x000000008d000000, 0x000000008d100000, 0x000000008d100000|100%| E|CS|TAMS 0x000000008d000000, 0x000000008d000000| Complete 
| 209|0x000000008d100000, 0x000000008d200000, 0x000000008d200000|100%| E|CS|TAMS 0x000000008d100000, 0x000000008d100000| Complete 
| 210|0x000000008d200000, 0x000000008d300000, 0x000000008d300000|100%| E|CS|TAMS 0x000000008d200000, 0x000000008d200000| Complete 
| 211|0x000000008d300000, 0x000000008d400000, 0x000000008d400000|100%| E|CS|TAMS 0x000000008d300000, 0x000000008d300000| Complete 
| 212|0x000000008d400000, 0x000000008d500000, 0x000000008d500000|100%| E|CS|TAMS 0x000000008d400000, 0x000000008d400000| Complete 
| 213|0x000000008d500000, 0x000000008d600000, 0x000000008d600000|100%| E|CS|TAMS 0x000000008d500000, 0x000000008d500000| Complete 
| 214|0x000000008d600000, 0x000000008d700000, 0x000000008d700000|100%| E|CS|TAMS 0x000000008d600000, 0x000000008d600000| Complete 
| 215|0x000000008d700000, 0x000000008d800000, 0x000000008d800000|100%| E|CS|TAMS 0x000000008d700000, 0x000000008d700000| Complete 
| 216|0x000000008d800000, 0x000000008d900000, 0x000000008d900000|100%| E|CS|TAMS 0x000000008d800000, 0x000000008d800000| Complete 
| 217|0x000000008d900000, 0x000000008da00000, 0x000000008da00000|100%| E|CS|TAMS 0x000000008d900000, 0x000000008d900000| Complete 
| 218|0x000000008da00000, 0x000000008db00000, 0x000000008db00000|100%| E|CS|TAMS 0x000000008da00000, 0x000000008da00000| Complete 
| 219|0x000000008db00000, 0x000000008dc00000, 0x000000008dc00000|100%| E|CS|TAMS 0x000000008db00000, 0x000000008db00000| Complete 
| 220|0x000000008dc00000, 0x000000008dd00000, 0x000000008dd00000|100%| E|CS|TAMS 0x000000008dc00000, 0x000000008dc00000| Complete 
| 221|0x000000008dd00000, 0x000000008de00000, 0x000000008de00000|100%| E|CS|TAMS 0x000000008dd00000, 0x000000008dd00000| Complete 
| 222|0x000000008de00000, 0x000000008df00000, 0x000000008df00000|100%| E|CS|TAMS 0x000000008de00000, 0x000000008de00000| Complete 
| 223|0x000000008df00000, 0x000000008e000000, 0x000000008e000000|100%| E|CS|TAMS 0x000000008df00000, 0x000000008df00000| Complete 
| 224|0x000000008e000000, 0x000000008e100000, 0x000000008e100000|100%| E|CS|TAMS 0x000000008e000000, 0x000000008e000000| Complete 

Card table byte_map: [0x00000278a0cc0000,0x00000278a10c0000] _byte_map_base: 0x00000278a08c0000

Marking Bits (Prev, Next): (CMBitMap*) 0x000002788bfbef18, (CMBitMap*) 0x000002788bfbef50
 Prev Bits: [0x00000278a14c0000, 0x00000278a34c0000)
 Next Bits: [0x00000278a34c0000, 0x00000278a54c0000)

Polling page: 0x000002788be00000

Metaspace:

Usage:
  Non-class:    126.93 MB capacity,   124.53 MB ( 98%) used,     1.94 MB (  2%) free+waste,   470.75 KB ( <1%) overhead. 
      Class:     18.83 MB capacity,    17.44 MB ( 93%) used,     1.19 MB (  6%) free+waste,   202.94 KB (  1%) overhead. 
       Both:    145.76 MB capacity,   141.97 MB ( 97%) used,     3.13 MB (  2%) free+waste,   673.69 KB ( <1%) overhead. 

Virtual space:
  Non-class space:      128.00 MB reserved,     127.50 MB (>99%) committed 
      Class space:        1.00 GB reserved,      19.20 MB (  2%) committed 
             Both:        1.13 GB reserved,     146.70 MB ( 13%) committed 

Chunk freelists:
   Non-Class:  581.00 KB
       Class:  351.00 KB
        Both:  932.00 KB

MaxMetaspaceSize: 17179869184.00 GB
CompressedClassSpaceSize: 1.00 GB

CodeHeap 'non-profiled nmethods': size=120064Kb used=19359Kb max_used=19359Kb free=100704Kb
 bounds [0x0000027898d50000, 0x000002789a040000, 0x00000278a0290000]
CodeHeap 'profiled nmethods': size=120000Kb used=55979Kb max_used=55979Kb free=64020Kb
 bounds [0x0000027891820000, 0x0000027894f00000, 0x0000027898d50000]
CodeHeap 'non-nmethods': size=5696Kb used=2459Kb max_used=2480Kb free=3236Kb
 bounds [0x0000027891290000, 0x0000027891510000, 0x0000027891820000]
 total_blobs=25785 nmethods=24741 adapters=950
 compilation: enabled
              stopped_count=0, restarted_count=0
 full_count=0

Compilation events (20 events):
Event: 9707.429 Thread 0x00000278a7ae9000 nmethod 28407 0x000002789a030590 code [0x000002789a030b00, 0x000002789a0382a8]
Event: 9707.430 Thread 0x00000278a7ae9000 28468       4       com.google.common.collect.CompactHashMap::isEmpty (13 bytes)
Event: 9707.430 Thread 0x00000278a7ae9000 nmethod 28468 0x000002789a03b210 code [0x000002789a03b3a0, 0x000002789a03b418]
Event: 9707.430 Thread 0x00000278a7ae9000 28475       4       com.google.common.collect.Sets::newHashSet (8 bytes)
Event: 9707.432 Thread 0x00000278a7ae9000 nmethod 28475 0x000002789a03b490 code [0x000002789a03b640, 0x000002789a03b7f8]
Event: 9707.432 Thread 0x00000278a7ae9000 28415       4       org.gradle.internal.component.model.DefaultIvyArtifactName::<init> (34 bytes)
Event: 9707.436 Thread 0x00000278a7ae9000 nmethod 28415 0x000002789a03b910 code [0x000002789a03baa0, 0x000002789a03be48]
Event: 9707.436 Thread 0x00000278a7ae9000 28414       4       org.gradle.internal.component.external.model.DefaultConfigurationMetadata::getAttributes (28 bytes)
Event: 9707.437 Thread 0x00000278a7aea800 28518       3       org.gradle.internal.logging.slf4j.OutputEventListenerBackedLogger::info (7 bytes)
Event: 9707.438 Thread 0x00000278a7aea800 nmethod 28518 0x0000027894ec0710 code [0x0000027894ec0940, 0x0000027894ec10f8]
Event: 9707.438 Thread 0x00000278a7aea800 28519       3       org.gradle.internal.logging.slf4j.BuildOperationAwareLogger::info (18 bytes)
Event: 9707.439 Thread 0x00000278a7aea800 nmethod 28519 0x0000027894ec1390 code [0x0000027894ec1580, 0x0000027894ec1a58]
Event: 9707.463 Thread 0x00000278a7aea800 28522       1       org.gradle.api.internal.project.DefaultProject::getState (5 bytes)
Event: 9707.463 Thread 0x00000278a7aea800 nmethod 28522 0x000002789a03bf10 code [0x000002789a03c0c0, 0x000002789a03c178]
Event: 9707.473 Thread 0x00000278a7aea800 28523       3       org.gradle.api.internal.cache.StringInterner::intern (9 bytes)
Event: 9707.474 Thread 0x00000278a7aea800 nmethod 28523 0x0000027894ec1c10 code [0x0000027894ec1de0, 0x0000027894ec2228]
Event: 9707.476 Thread 0x00000278a7aea800 28524       3       org.apache.commons.logging.LogFactory::getFactory (4 bytes)
Event: 9707.476 Thread 0x00000278a7aea800 nmethod 28524 0x0000027894ec2390 code [0x0000027894ec2540, 0x0000027894ec2638]
Event: 9707.476 Thread 0x00000278a7aea800 28525       3       org.apache.commons.logging.impl.SLF4JLogFactory::getInstance (88 bytes)
Event: 9707.477 Thread 0x00000278a7aea800 nmethod 28525 0x0000027894ec2710 code [0x0000027894ec2980, 0x0000027894ec35b8]

GC Heap History (20 events):
Event: 5155.866 GC heap before
{Heap before GC invocations=121 (full 0):
 garbage-first heap   total 230400K, used 168290K [0x0000000080000000, 0x0000000100000000)
  region size 1024K, 60 young (61440K), 1 survivors (1024K)
 Metaspace       used 142144K, capacity 145769K, committed 150220K, reserved 1179648K
  class space    used 17518K, capacity 18874K, committed 19660K, reserved 1048576K
}
Event: 5155.873 GC heap after
{Heap after GC invocations=122 (full 0):
 garbage-first heap   total 230400K, used 112566K [0x0000000080000000, 0x0000000100000000)
  region size 1024K, 4 young (4096K), 4 survivors (4096K)
 Metaspace       used 142144K, capacity 145769K, committed 150220K, reserved 1179648K
  class space    used 17518K, capacity 18874K, committed 19660K, reserved 1048576K
}
Event: 6498.560 GC heap before
{Heap before GC invocations=123 (full 0):
 garbage-first heap   total 230400K, used 199606K [0x0000000080000000, 0x0000000100000000)
  region size 1024K, 69 young (70656K), 4 survivors (4096K)
 Metaspace       used 143043K, capacity 146990K, committed 150220K, reserved 1179648K
  class space    used 17634K, capacity 19027K, committed 19660K, reserved 1048576K
}
Event: 6498.570 GC heap after
{Heap after GC invocations=124 (full 0):
 garbage-first heap   total 230400K, used 123321K [0x0000000080000000, 0x0000000100000000)
  region size 1024K, 6 young (6144K), 6 survivors (6144K)
 Metaspace       used 143043K, capacity 146990K, committed 150220K, reserved 1179648K
  class space    used 17634K, capacity 19027K, committed 19660K, reserved 1048576K
}
Event: 6498.622 GC heap before
{Heap before GC invocations=124 (full 0):
 garbage-first heap   total 230400K, used 128441K [0x0000000080000000, 0x0000000100000000)
  region size 1024K, 11 young (11264K), 6 survivors (6144K)
 Metaspace       used 143053K, capacity 146990K, committed 150220K, reserved 1179648K
  class space    used 17634K, capacity 19027K, committed 19660K, reserved 1048576K
}
Event: 6498.646 GC heap after
{Heap after GC invocations=125 (full 0):
 garbage-first heap   total 230400K, used 117819K [0x0000000080000000, 0x0000000100000000)
  region size 1024K, 2 young (2048K), 2 survivors (2048K)
 Metaspace       used 143053K, capacity 146990K, committed 150220K, reserved 1179648K
  class space    used 17634K, capacity 19027K, committed 19660K, reserved 1048576K
}
Event: 6499.405 GC heap before
{Heap before GC invocations=125 (full 0):
 garbage-first heap   total 230400K, used 180283K [0x0000000080000000, 0x0000000100000000)
  region size 1024K, 64 young (65536K), 2 survivors (2048K)
 Metaspace       used 144732K, capacity 148724K, committed 150220K, reserved 1179648K
  class space    used 17858K, capacity 19298K, committed 19660K, reserved 1048576K
}
Event: 6499.423 GC heap after
{Heap after GC invocations=126 (full 0):
 garbage-first heap   total 230400K, used 121818K [0x0000000080000000, 0x0000000100000000)
  region size 1024K, 6 young (6144K), 6 survivors (6144K)
 Metaspace       used 144732K, capacity 148724K, committed 150220K, reserved 1179648K
  class space    used 17858K, capacity 19298K, committed 19660K, reserved 1048576K
}
Event: 6831.412 GC heap before
{Heap before GC invocations=127 (full 0):
 garbage-first heap   total 230400K, used 183258K [0x0000000080000000, 0x0000000100000000)
  region size 1024K, 67 young (68608K), 6 survivors (6144K)
 Metaspace       used 145319K, capacity 149450K, committed 150220K, reserved 1179648K
  class space    used 17925K, capacity 19398K, committed 19660K, reserved 1048576K
}
Event: 6831.427 GC heap after
{Heap after GC invocations=128 (full 0):
 garbage-first heap   total 230400K, used 126506K [0x0000000080000000, 0x0000000100000000)
  region size 1024K, 9 young (9216K), 9 survivors (9216K)
 Metaspace       used 145319K, capacity 149450K, committed 150220K, reserved 1179648K
  class space    used 17925K, capacity 19398K, committed 19660K, reserved 1048576K
}
Event: 6831.457 GC heap before
{Heap before GC invocations=128 (full 0):
 garbage-first heap   total 230400K, used 128554K [0x0000000080000000, 0x0000000100000000)
  region size 1024K, 11 young (11264K), 9 survivors (9216K)
 Metaspace       used 145323K, capacity 149450K, committed 150220K, reserved 1179648K
  class space    used 17925K, capacity 19398K, committed 19660K, reserved 1048576K
}
Event: 6831.478 GC heap after
{Heap after GC invocations=129 (full 0):
 garbage-first heap   total 230400K, used 121679K [0x0000000080000000, 0x0000000100000000)
  region size 1024K, 2 young (2048K), 2 survivors (2048K)
 Metaspace       used 145323K, capacity 149450K, committed 150220K, reserved 1179648K
  class space    used 17925K, capacity 19398K, committed 19660K, reserved 1048576K
}
Event: 7117.734 GC heap before
{Heap before GC invocations=129 (full 0):
 garbage-first heap   total 230400K, used 183119K [0x0000000080000000, 0x0000000100000000)
  region size 1024K, 63 young (64512K), 2 survivors (2048K)
 Metaspace       used 145493K, capacity 149673K, committed 150220K, reserved 1179648K
  class space    used 17939K, capacity 19423K, committed 19660K, reserved 1048576K
}
Event: 7117.747 GC heap after
{Heap after GC invocations=130 (full 0):
 garbage-first heap   total 230400K, used 125354K [0x0000000080000000, 0x0000000100000000)
  region size 1024K, 5 young (5120K), 5 survivors (5120K)
 Metaspace       used 145493K, capacity 149673K, committed 150220K, reserved 1179648K
  class space    used 17939K, capacity 19423K, committed 19660K, reserved 1048576K
}
Event: 9665.362 GC heap before
{Heap before GC invocations=131 (full 0):
 garbage-first heap   total 230400K, used 187818K [0x0000000080000000, 0x0000000100000000)
  region size 1024K, 66 young (67584K), 5 survivors (5120K)
 Metaspace       used 145089K, capacity 149083K, committed 150220K, reserved 1179648K
  class space    used 17862K, capacity 19280K, committed 19660K, reserved 1048576K
}
Event: 9665.407 GC heap after
{Heap after GC invocations=132 (full 0):
 garbage-first heap   total 230400K, used 127509K [0x0000000080000000, 0x0000000100000000)
  region size 1024K, 2 young (2048K), 2 survivors (2048K)
 Metaspace       used 145089K, capacity 149083K, committed 150220K, reserved 1179648K
  class space    used 17862K, capacity 19280K, committed 19660K, reserved 1048576K
}
Event: 9665.722 GC heap before
{Heap before GC invocations=132 (full 0):
 garbage-first heap   total 230400K, used 136725K [0x0000000080000000, 0x0000000100000000)
  region size 1024K, 11 young (11264K), 2 survivors (2048K)
 Metaspace       used 145134K, capacity 149098K, committed 150220K, reserved 1179648K
  class space    used 17864K, capacity 19284K, committed 19660K, reserved 1048576K
}
Event: 9665.790 GC heap after
{Heap after GC invocations=133 (full 0):
 garbage-first heap   total 230400K, used 120227K [0x0000000080000000, 0x0000000100000000)
  region size 1024K, 2 young (2048K), 2 survivors (2048K)
 Metaspace       used 145134K, capacity 149098K, committed 150220K, reserved 1179648K
  class space    used 17864K, capacity 19284K, committed 19660K, reserved 1048576K
}
Event: 9706.923 GC heap before
{Heap before GC invocations=133 (full 0):
 garbage-first heap   total 230400K, used 183715K [0x0000000080000000, 0x0000000100000000)
  region size 1024K, 65 young (66560K), 2 survivors (2048K)
 Metaspace       used 145377K, capacity 149306K, committed 150220K, reserved 1179648K
  class space    used 17877K, capacity 19307K, committed 19660K, reserved 1048576K
}
Event: 9706.945 GC heap after
{Heap after GC invocations=134 (full 0):
 garbage-first heap   total 230400K, used 125255K [0x0000000080000000, 0x0000000100000000)
  region size 1024K, 7 young (7168K), 7 survivors (7168K)
 Metaspace       used 145377K, capacity 149306K, committed 150220K, reserved 1179648K
  class space    used 17877K, capacity 19307K, committed 19660K, reserved 1048576K
}

Deoptimization events (20 events):
Event: 9665.622 Thread 0x00000278b264f000 Uncommon trap: trap_request=0xfffffff4 fr.pc=0x0000027899f781a4 relative=0x0000000000000164
Event: 9665.622 Thread 0x00000278b264f000 Uncommon trap: reason=null_check action=make_not_entrant pc=0x0000027899f781a4 method=org.gradle.api.internal.collections.CollectionFilter.filter(Ljava/lang/Object;)Ljava/lang/Object; @ 5 c2
Event: 9665.622 Thread 0x00000278b264f000 DEOPT PACKING pc=0x0000027899f781a4 sp=0x000000dc502fa6b0
Event: 9665.622 Thread 0x00000278b264f000 DEOPT UNPACKING pc=0x00000278912b78af sp=0x000000dc502fa650 mode 2
Event: 9666.154 Thread 0x00000278b264f000 Uncommon trap: trap_request=0xffffffbe fr.pc=0x0000027899f20c6c relative=0x000000000000cbcc
Event: 9666.155 Thread 0x00000278b264f000 Uncommon trap: reason=profile_predicate action=maybe_recompile pc=0x0000027899f20c6c method=org.gradle.api.internal.artifacts.ivyservice.resolveengine.ComponentResolversChain$DependencyToComponentIdResolverChain.resolve(Lorg/gradle/internal/component/mode
Event: 9666.155 Thread 0x00000278b264f000 DEOPT PACKING pc=0x0000027899f20c6c sp=0x000000dc502f9700
Event: 9666.155 Thread 0x00000278b264f000 DEOPT UNPACKING pc=0x00000278912b78af sp=0x000000dc502f9350 mode 2
Event: 9706.769 Thread 0x00000278b264f000 DEOPT PACKING pc=0x000002789236f0ab sp=0x000000dc502f9f80
Event: 9706.769 Thread 0x00000278b264f000 DEOPT UNPACKING pc=0x00000278912b76ce sp=0x000000dc502f9418 mode 0
Event: 9707.450 Thread 0x00000278b2653000 DEOPT PACKING pc=0x00000278921f7bbc sp=0x000000dc51dfbd30
Event: 9707.450 Thread 0x00000278b2653000 DEOPT UNPACKING pc=0x00000278912b76ce sp=0x000000dc51dfb1f0 mode 0
Event: 9707.469 Thread 0x00000278b2658000 Uncommon trap: trap_request=0xffffff4d fr.pc=0x0000027899ef5d88 relative=0x0000000000004568
Event: 9707.469 Thread 0x00000278b2658000 Uncommon trap: reason=unstable_if action=reinterpret pc=0x0000027899ef5d88 method=com.google.common.collect.MapMakerInternalMap$Segment.put(Ljava/lang/Object;ILjava/lang/Object;Z)Ljava/lang/Object; @ 97 c2
Event: 9707.469 Thread 0x00000278b2658000 DEOPT PACKING pc=0x0000027899ef5d88 sp=0x000000dc523fdec0
Event: 9707.469 Thread 0x00000278b2658000 DEOPT UNPACKING pc=0x00000278912b78af sp=0x000000dc523fdce0 mode 2
Event: 9707.514 Thread 0x00000278aff9b000 Uncommon trap: trap_request=0xffffff4d fr.pc=0x0000027898da1c30 relative=0x0000000000000370
Event: 9707.514 Thread 0x00000278aff9b000 Uncommon trap: reason=unstable_if action=reinterpret pc=0x0000027898da1c30 method=java.util.concurrent.ConcurrentLinkedQueue.offer(Ljava/lang/Object;)Z @ 96 c2
Event: 9707.514 Thread 0x00000278aff9b000 DEOPT PACKING pc=0x0000027898da1c30 sp=0x000000dc514fc4a0
Event: 9707.514 Thread 0x00000278aff9b000 DEOPT UNPACKING pc=0x00000278912b78af sp=0x000000dc514fc3e0 mode 2

Classes redefined (0 events):
No events

Internal exceptions (20 events):
Event: 9706.882 Thread 0x00000278aff93000 Exception <a 'java/lang/NoSuchMethodError'{0x000000008a3e30c0}: <clinit>> (0x000000008a3e30c0) thrown at [./src/hotspot/share/prims/jni.cpp, line 1362]
Event: 9706.884 Thread 0x00000278aff93000 Exception <a 'java/lang/NoSuchMethodError'{0x000000008a3ed288}: <clinit>> (0x000000008a3ed288) thrown at [./src/hotspot/share/prims/jni.cpp, line 1362]
Event: 9706.897 Thread 0x00000278b264f000 Exception <a 'sun/nio/fs/WindowsException'{0x000000008a164488}> (0x000000008a164488) thrown at [./src/hotspot/share/prims/jni.cpp, line 615]
Event: 9706.898 Thread 0x00000278aff93000 Exception <a 'java/lang/NoSuchMethodError'{0x000000008a287338}: <clinit>> (0x000000008a287338) thrown at [./src/hotspot/share/prims/jni.cpp, line 1362]
Event: 9706.959 Thread 0x00000278b264f000 Exception <a 'java/lang/NoClassDefFoundError'{0x000000008df20c88}: org/jetbrains/kotlin/gradle/plugin/KotlinBasePluginWrapper> (0x000000008df20c88) thrown at [./src/hotspot/share/oops/constantPool.cpp, line 775]
Event: 9707.154 Thread 0x00000278b264f000 Exception <a 'sun/nio/fs/WindowsException'{0x000000008ddc3ee8}> (0x000000008ddc3ee8) thrown at [./src/hotspot/share/prims/jni.cpp, line 615]
Event: 9707.163 Thread 0x00000278b264f000 Exception <a 'sun/nio/fs/WindowsException'{0x000000008dc644d0}> (0x000000008dc644d0) thrown at [./src/hotspot/share/prims/jni.cpp, line 615]
Event: 9707.163 Thread 0x00000278b264f000 Exception <a 'sun/nio/fs/WindowsException'{0x000000008dc65430}> (0x000000008dc65430) thrown at [./src/hotspot/share/prims/jni.cpp, line 615]
Event: 9707.163 Thread 0x00000278b264f000 Exception <a 'sun/nio/fs/WindowsException'{0x000000008dc663e0}> (0x000000008dc663e0) thrown at [./src/hotspot/share/prims/jni.cpp, line 615]
Event: 9707.163 Thread 0x00000278b264f000 Exception <a 'sun/nio/fs/WindowsException'{0x000000008dc67390}> (0x000000008dc67390) thrown at [./src/hotspot/share/prims/jni.cpp, line 615]
Event: 9707.441 Thread 0x00000278aff93000 Exception <a 'java/lang/NoSuchMethodError'{0x000000008df89e10}: <clinit>> (0x000000008df89e10) thrown at [./src/hotspot/share/prims/jni.cpp, line 1362]
Event: 9707.442 Thread 0x00000278aff93000 Exception <a 'java/lang/NoSuchMethodError'{0x000000008d6d46c8}: <clinit>> (0x000000008d6d46c8) thrown at [./src/hotspot/share/prims/jni.cpp, line 1362]
Event: 9707.448 Thread 0x00000278b2653000 Exception <a 'java/lang/NoSuchMethodError'{0x000000008d689f08}: <clinit>> (0x000000008d689f08) thrown at [./src/hotspot/share/prims/jni.cpp, line 1362]
Event: 9707.450 Thread 0x00000278b2653000 Exception <a 'java/lang/NoSuchMethodError'{0x000000008d6dde10}: <clinit>> (0x000000008d6dde10) thrown at [./src/hotspot/share/prims/jni.cpp, line 1362]
Event: 9707.451 Thread 0x00000278b2653000 Exception <a 'java/lang/NoSuchMethodError'{0x000000008d6f7380}: <clinit>> (0x000000008d6f7380) thrown at [./src/hotspot/share/prims/jni.cpp, line 1362]
Event: 9707.453 Thread 0x00000278aff93000 Exception <a 'java/lang/NoSuchMethodError'{0x000000008d516800}: <clinit>> (0x000000008d516800) thrown at [./src/hotspot/share/prims/jni.cpp, line 1362]
Event: 9707.454 Thread 0x00000278aff93000 Exception <a 'java/lang/NoSuchMethodError'{0x000000008d526b08}: <clinit>> (0x000000008d526b08) thrown at [./src/hotspot/share/prims/jni.cpp, line 1362]
Event: 9707.454 Thread 0x00000278aff93000 Exception <a 'java/lang/NoSuchMethodError'{0x000000008d527de0}: <clinit>> (0x000000008d527de0) thrown at [./src/hotspot/share/prims/jni.cpp, line 1362]
Event: 9707.461 Thread 0x00000278aff93000 Exception <a 'java/lang/NoSuchMethodError'{0x000000008d5346d8}: <clinit>> (0x000000008d5346d8) thrown at [./src/hotspot/share/prims/jni.cpp, line 1362]
Event: 9707.469 Thread 0x00000278b2658000 Implicit null exception at 0x0000027899ef32b6 to 0x0000027899ef5d48

Events (20 events):
Event: 9706.853 Executing VM operation: RevokeBias done
Event: 9706.854 Thread 0x00000278aff96000 Thread added: 0x00000278aff96000
Event: 9706.854 Thread 0x00000278aff97000 Thread added: 0x00000278aff97000
Event: 9706.923 Executing VM operation: G1CollectForAllocation
Event: 9706.945 Executing VM operation: G1CollectForAllocation done
Event: 9707.193 Executing VM operation: CGC_Operation
Event: 9707.356 Executing VM operation: CGC_Operation done
Event: 9707.356 Executing VM operation: RevokeBias
Event: 9707.357 Executing VM operation: RevokeBias done
Event: 9707.357 Executing VM operation: RevokeBias
Event: 9707.357 Executing VM operation: RevokeBias done
Event: 9707.425 Thread 0x00000278b2653000 Thread added: 0x00000278b2653000
Event: 9707.426 Thread 0x00000278b2654000 Thread added: 0x00000278b2654000
Event: 9707.427 Thread 0x00000278b2651800 Thread added: 0x00000278b2651800
Event: 9707.427 Thread 0x00000278b264f800 Thread added: 0x00000278b264f800
Event: 9707.429 Thread 0x00000278b2658000 Thread added: 0x00000278b2658000
Event: 9707.437 Executing VM operation: ICBufferFull
Event: 9707.437 Executing VM operation: ICBufferFull done
Event: 9707.456 Executing VM operation: CGC_Operation
Event: 9707.456 Executing VM operation: CGC_Operation done


Dynamic libraries:
0x00007ff7dd410000 - 0x00007ff7dd41a000 	C:\Program Files\Android\Android Studio\jre\bin\java.exe
0x00007ffcd32c0000 - 0x00007ffcd34b0000 	C:\WINDOWS\SYSTEM32\ntdll.dll
0x00007ffcd3000000 - 0x00007ffcd30b3000 	C:\WINDOWS\System32\KERNEL32.DLL
0x00007ffcd0d40000 - 0x00007ffcd0fe5000 	C:\WINDOWS\System32\KERNELBASE.dll
0x00007ffcd09b0000 - 0x00007ffcd0aaa000 	C:\WINDOWS\System32\ucrtbase.dll
0x00007ffcb7900000 - 0x00007ffcb7917000 	C:\Program Files\Android\Android Studio\jre\bin\VCRUNTIME140.dll
0x00007ffcb6970000 - 0x00007ffcb6989000 	C:\Program Files\Android\Android Studio\jre\bin\jli.dll
0x00007ffcd1b30000 - 0x00007ffcd1cc4000 	C:\WINDOWS\System32\USER32.dll
0x00007ffcd0ff0000 - 0x00007ffcd1011000 	C:\WINDOWS\System32\win32u.dll
0x00007ffcc9930000 - 0x00007ffcc9bb4000 	C:\WINDOWS\WinSxS\amd64_microsoft.windows.common-controls_6595b64144ccf1df_6.0.18362.1977_none_9e80206be45c8f68\COMCTL32.dll
0x00007ffcd2dd0000 - 0x00007ffcd2e6e000 	C:\WINDOWS\System32\msvcrt.dll
0x00007ffcd2150000 - 0x00007ffcd2176000 	C:\WINDOWS\System32\GDI32.dll
0x00007ffcd2180000 - 0x00007ffcd24b6000 	C:\WINDOWS\System32\combase.dll
0x00007ffcd11c0000 - 0x00007ffcd1358000 	C:\WINDOWS\System32\gdi32full.dll
0x00007ffcd1f10000 - 0x00007ffcd202f000 	C:\WINDOWS\System32\RPCRT4.dll
0x00007ffcd1130000 - 0x00007ffcd11b4000 	C:\WINDOWS\System32\bcryptPrimitives.dll
0x00007ffcd0c70000 - 0x00007ffcd0d0e000 	C:\WINDOWS\System32\msvcp_win.dll
0x00007ffcd2da0000 - 0x00007ffcd2dce000 	C:\WINDOWS\System32\IMM32.DLL
0x00007ffc947a0000 - 0x00007ffc9483d000 	C:\Program Files\Android\Android Studio\jre\bin\msvcp140.dll
0x00007ffc8f3e0000 - 0x00007ffc8feaf000 	C:\Program Files\Android\Android Studio\jre\bin\server\jvm.dll
0x00007ffcd26c0000 - 0x00007ffcd2763000 	C:\WINDOWS\System32\ADVAPI32.dll
0x00007ffcd25b0000 - 0x00007ffcd2647000 	C:\WINDOWS\System32\sechost.dll
0x00007ffcd2140000 - 0x00007ffcd2148000 	C:\WINDOWS\System32\PSAPI.DLL
0x00007ffcc2f80000 - 0x00007ffcc2f89000 	C:\WINDOWS\SYSTEM32\WSOCK32.dll
0x00007ffccdb40000 - 0x00007ffccdb64000 	C:\WINDOWS\SYSTEM32\WINMM.dll
0x00007ffcd2540000 - 0x00007ffcd25af000 	C:\WINDOWS\System32\WS2_32.dll
0x00007ffccbdf0000 - 0x00007ffccbdfa000 	C:\WINDOWS\SYSTEM32\VERSION.dll
0x00007ffccd430000 - 0x00007ffccd45d000 	C:\WINDOWS\SYSTEM32\WINMMBASE.dll
0x00007ffcd0c00000 - 0x00007ffcd0c4a000 	C:\WINDOWS\System32\cfgmgr32.dll
0x00007ffcd0180000 - 0x00007ffcd0191000 	C:\WINDOWS\System32\kernel.appcore.dll
0x00007ffcc5a60000 - 0x00007ffcc5a71000 	C:\Program Files\Android\Android Studio\jre\bin\verify.dll
0x00007ffcc29c0000 - 0x00007ffcc2bb4000 	C:\WINDOWS\SYSTEM32\DBGHELP.DLL
0x00007ffcc2d80000 - 0x00007ffcc2daa000 	C:\WINDOWS\SYSTEM32\dbgcore.DLL
0x00007ffcb9ca0000 - 0x00007ffcb9cc9000 	C:\Program Files\Android\Android Studio\jre\bin\java.dll
0x00007ffcc8510000 - 0x00007ffcc851b000 	C:\Program Files\Android\Android Studio\jre\bin\jimage.dll
0x00007ffcc5a40000 - 0x00007ffcc5a58000 	C:\Program Files\Android\Android Studio\jre\bin\zip.dll
0x00007ffcd1440000 - 0x00007ffcd1b27000 	C:\WINDOWS\System32\SHELL32.dll
0x00007ffcd2f40000 - 0x00007ffcd2fe9000 	C:\WINDOWS\System32\shcore.dll
0x00007ffcd0230000 - 0x00007ffcd09ab000 	C:\WINDOWS\System32\windows.storage.dll
0x00007ffcd01f0000 - 0x00007ffcd020e000 	C:\WINDOWS\System32\profapi.dll
0x00007ffcd01a0000 - 0x00007ffcd01ea000 	C:\WINDOWS\System32\powrprof.dll
0x00007ffcd0170000 - 0x00007ffcd0180000 	C:\WINDOWS\System32\UMPDC.dll
0x00007ffcd1eb0000 - 0x00007ffcd1f02000 	C:\WINDOWS\System32\shlwapi.dll
0x00007ffcd0c50000 - 0x00007ffcd0c67000 	C:\WINDOWS\System32\cryptsp.dll
0x00007ffcb9c80000 - 0x00007ffcb9c9a000 	C:\Program Files\Android\Android Studio\jre\bin\net.dll
0x00007ffcc9d90000 - 0x00007ffcc9e89000 	C:\WINDOWS\SYSTEM32\WINHTTP.dll
0x00007ffccf900000 - 0x00007ffccf967000 	C:\WINDOWS\system32\mswsock.dll
0x00007ffcb9c60000 - 0x00007ffcb9c74000 	C:\Program Files\Android\Android Studio\jre\bin\nio.dll
0x00007ffcccb20000 - 0x00007ffcccb47000 	C:\Users\MSHL3\.gradle\native\8bec1ad78214c89d9ad589b4d07fe93259594b29d510b10fafb7a158f7737e5d\windows-amd64\native-platform.dll
0x00007ffcacfd0000 - 0x00007ffcad10d000 	C:\Users\MSHL3\.gradle\native\53dbd7edfb1c66fb8903c78663c9afc45aea4f116125fa6feffd364cf09443e8\windows-amd64\native-platform-file-events.dll
0x00007ffcc7bd0000 - 0x00007ffcc7bda000 	C:\Program Files\Android\Android Studio\jre\bin\management.dll
0x00007ffcbcc70000 - 0x00007ffcbcc7c000 	C:\Program Files\Android\Android Studio\jre\bin\management_ext.dll
0x00007ffccf490000 - 0x00007ffccf4c3000 	C:\WINDOWS\system32\rsaenh.dll
0x00007ffcd0d10000 - 0x00007ffcd0d36000 	C:\WINDOWS\System32\bcrypt.dll
0x00007ffcd0090000 - 0x00007ffcd00b5000 	C:\WINDOWS\SYSTEM32\USERENV.dll
0x00007ffccfa80000 - 0x00007ffccfa8c000 	C:\WINDOWS\SYSTEM32\CRYPTBASE.dll
0x00007ffccf620000 - 0x00007ffccf65a000 	C:\WINDOWS\SYSTEM32\IPHLPAPI.DLL
0x00007ffcd2ff0000 - 0x00007ffcd2ff8000 	C:\WINDOWS\System32\NSI.dll
0x00007ffccb8a0000 - 0x00007ffccb8b6000 	C:\WINDOWS\SYSTEM32\dhcpcsvc6.DLL
0x00007ffccb880000 - 0x00007ffccb89c000 	C:\WINDOWS\SYSTEM32\dhcpcsvc.DLL
0x00007ffccf660000 - 0x00007ffccf72a000 	C:\WINDOWS\SYSTEM32\DNSAPI.dll
0x00007ffcb6990000 - 0x00007ffcb69b7000 	C:\Program Files\Android\Android Studio\jre\bin\sunec.dll
0x00007ffcc84a0000 - 0x00007ffcc84aa000 	C:\Windows\System32\rasadhlp.dll
0x00007ffccb400000 - 0x00007ffccb477000 	C:\WINDOWS\System32\fwpuclnt.dll

dbghelp: loaded successfully - version: 4.0.5 - missing functions: none
symbol engine: initialized successfully - sym options: 0x614 - pdb path: .;C:\Program Files\Android\Android Studio\jre\bin;C:\WINDOWS\SYSTEM32;C:\WINDOWS\WinSxS\amd64_microsoft.windows.common-controls_6595b64144ccf1df_6.0.18362.1977_none_9e80206be45c8f68;C:\Program Files\Android\Android Studio\jre\bin\server;C:\Users\MSHL3\.gradle\native\8bec1ad78214c89d9ad589b4d07fe93259594b29d510b10fafb7a158f7737e5d\windows-amd64;C:\Users\MSHL3\.gradle\native\53dbd7edfb1c66fb8903c78663c9afc45aea4f116125fa6feffd364cf09443e8\windows-amd64

VM Arguments:
jvm_args: --add-opens=java.base/java.util=ALL-UNNAMED --add-opens=java.base/java.lang=ALL-UNNAMED --add-opens=java.base/java.lang.invoke=ALL-UNNAMED --add-opens=java.base/java.util=ALL-UNNAMED --add-opens=java.prefs/java.util.prefs=ALL-UNNAMED --add-opens=java.prefs/java.util.prefs=ALL-UNNAMED --add-opens=java.base/java.nio.charset=ALL-UNNAMED --add-opens=java.base/java.net=ALL-UNNAMED --add-opens=java.base/java.util.concurrent.atomic=ALL-UNNAMED -Xmx2048m -Dfile.encoding=UTF-8 -Duser.country=US -Duser.language=en -Duser.variant 
java_command: org.gradle.launcher.daemon.bootstrap.GradleDaemon 7.0.2
java_class_path (initial): C:\Users\MSHL3\.gradle\wrapper\dists\gradle-7.0.2-bin\857tjihv64xamwrf0h14cai3r\gradle-7.0.2\lib\gradle-launcher-7.0.2.jar
Launcher Type: SUN_STANDARD

[Global flags]
     intx CICompilerCount                          = 3                                         {product} {ergonomic}
     uint ConcGCThreads                            = 1                                         {product} {ergonomic}
     uint G1ConcRefinementThreads                  = 4                                         {product} {ergonomic}
   size_t G1HeapRegionSize                         = 1048576                                   {product} {ergonomic}
    uintx GCDrainStackTargetSize                   = 64                                        {product} {ergonomic}
   size_t InitialHeapSize                          = 134217728                                 {product} {ergonomic}
   size_t MarkStackSize                            = 4194304                                   {product} {ergonomic}
   size_t MaxHeapSize                              = 2147483648                                {product} {command line}
   size_t MaxNewSize                               = 1287651328                                {product} {ergonomic}
   size_t MinHeapDeltaBytes                        = 1048576                                   {product} {ergonomic}
    uintx NonNMethodCodeHeapSize                   = 5830732                                {pd product} {ergonomic}
    uintx NonProfiledCodeHeapSize                  = 122913754                              {pd product} {ergonomic}
    uintx ProfiledCodeHeapSize                     = 122913754                              {pd product} {ergonomic}
    uintx ReservedCodeCacheSize                    = 251658240                              {pd product} {ergonomic}
     bool SegmentedCodeCache                       = true                                      {product} {ergonomic}
     bool UseCompressedClassPointers               = true                                 {lp64_product} {ergonomic}
     bool UseCompressedOops                        = true                                 {lp64_product} {ergonomic}
     bool UseG1GC                                  = true                                      {product} {ergonomic}
     bool UseLargePagesIndividualAllocation        = false                                  {pd product} {ergonomic}

Logging:
Log output configuration:
 #0: stdout all=warning uptime,level,tags
 #1: stderr all=off uptime,level,tags

Environment Variables:
PATH=C:\Program Files (x86)\Python37-32\Scripts\;C:\Program Files (x86)\Python37-32\;C:\ProgramData\Oracle\Java\javapath;C:\WINDOWS\system32;C:\WINDOWS;C:\WINDOWS\System32\Wbem;C:\WINDOWS\System32\WindowsPowerShell\v1.0\;C:\WINDOWS\System32\OpenSSH\;C:\Program Files\Java\jdk1.8.0_112\bin;;C:\Program Files\Microsoft VS Code\bin;C:\Users\MSHL3\AppData\Local\Microsoft\WindowsApps;C:\Program Files\JetBrains\PyCharm 2018.3.3\bin;
USERNAME=MSHL3
OS=Windows_NT
PROCESSOR_IDENTIFIER=Intel64 Family 6 Model 94 Stepping 3, GenuineIntel



---------------  S Y S T E M  ---------------

OS: Windows 10 , 64 bit Build 18362 (10.0.18362.1916)
OS uptime: 0 days 3:08 hours
Hyper-V role detected

CPU:total 4 (initial active 4) (2 cores per cpu, 2 threads per core) family 6 model 94 stepping 3 microcode 0xcc, cmov, cx8, fxsr, mmx, sse, sse2, sse3, ssse3, sse4.1, sse4.2, popcnt, avx, avx2, aes, clmul, erms, 3dnowpref, lzcnt, ht, tsc, tscinvbit, bmi1, bmi2, adx, fma

Memory: 4k page, system-wide physical 8093M (1436M free)
TotalPageFile size 10013M (AvailPageFile size 1830M)
current process WorkingSet (physical memory assigned to process): 515M, peak: 571M
current process commit charge ("private bytes"): 645M, peak: 654M

vm_info: OpenJDK 64-Bit Server VM (11.0.10+0-b96-7249189) for windows-amd64 JRE (11.0.10+0-b96-7249189), built on Mar 31 2021 21:44:00 by "builder" with MS VC++ 14.0 (VS2015)

END.
